2017-05-26 16:15:21,120 INFO Connecting to broker...
2017-05-26 16:15:21,122 CRITICAL Exception[Errno -2] Name or service not known
2017-05-26 16:15:22,124 INFO Connecting to broker...
2017-05-26 16:15:28,960 DEBUG Reading PIR 0
2017-05-26 16:15:29,165 DEBUG Reading Sound 127
2017-05-26 16:15:29,370 DEBUG Reading Vibration 0
2017-05-26 16:15:29,472 DEBUG Reading PIR 0
2017-05-26 16:15:29,677 DEBUG Reading Sound 24
2017-05-26 16:15:29,882 DEBUG Reading Vibration 0
2017-05-26 16:15:30,367 INFO Connected flags {'session present': 1} Result code 0 Client_id  <paho.mqtt.client.Client object at 0x7664ce10>
2017-05-26 16:15:30,590 DEBUG Reading DHT hum 40.8
2017-05-26 16:15:31,296 DEBUG Reading DHT temp 26.6
2017-05-26 16:15:32,108 DEBUG Reading Light Digital 3
2017-05-26 16:15:32,904 DEBUG Reading PIR 0
2017-05-26 16:15:33,109 DEBUG Reading Temperature Interior 25.45
2017-05-26 16:15:33,314 DEBUG Reading Sound 31
2017-05-26 16:15:33,519 DEBUG Reading Vibration 1
2017-05-26 16:15:34,225 DEBUG Reading DHT hum 41.0
2017-05-26 16:15:34,226 DEBUG Reading Gas MQ5 12
2017-05-26 16:15:34,227 DEBUG Reading Gas MQ3 38
2017-05-26 16:20:09,588 DEBUG Reading DHT temp 26.6
2017-05-26 16:20:09,995 DEBUG Reading Light Digital 0
2017-05-26 16:20:10,097 DEBUG Reading PIR 0
2017-05-26 16:20:10,302 DEBUG Reading Temperature Interior 25.45
2017-05-26 16:20:10,303 DEBUG Reading Gas MQ9 31
2017-05-26 16:20:10,303 DEBUG Reading Gas MQ2 28
2017-05-26 16:20:10,508 DEBUG Reading Sound 8
2017-05-26 16:20:10,713 DEBUG Reading Vibration 0
2017-05-26 16:20:11,419 DEBUG Reading DHT hum 40.9
2017-05-26 16:20:11,420 DEBUG Reading Gas MQ5 12
2017-05-26 16:20:11,420 DEBUG Reading Gas MQ3 38
2017-05-26 16:20:12,126 DEBUG Reading DHT temp 26.6
2017-05-26 16:20:12,532 DEBUG Reading Light Digital 0
2017-05-26 16:20:12,634 DEBUG Reading PIR 0
2017-05-26 16:20:12,839 DEBUG Reading Temperature Interior 25.45
2017-05-26 16:20:13,044 DEBUG Reading Sound 2
2017-05-26 16:20:13,250 DEBUG Reading Vibration 1
2017-05-26 16:20:13,955 DEBUG Reading DHT hum 40.9
2017-05-26 16:20:14,661 DEBUG Reading DHT temp 26.6
2017-05-26 16:20:15,069 DEBUG Reading Light Digital 0
2017-05-26 16:20:15,172 DEBUG Reading PIR 0
2017-05-26 16:20:15,379 DEBUG Reading Temperature Interior 25.45
2017-05-26 16:20:15,381 DEBUG Reading Gas MQ9 31
2017-05-26 16:20:15,382 DEBUG Reading Gas MQ2 28
2017-05-26 16:20:15,589 DEBUG Reading Sound 17
2017-05-26 16:20:15,797 DEBUG Reading Vibration 0
2017-05-26 16:20:16,506 DEBUG Reading DHT hum 40.8
2017-05-26 16:20:16,507 DEBUG Reading Gas MQ5 12
2017-05-26 16:20:16,508 DEBUG Reading Gas MQ3 37
2017-05-26 16:20:17,216 DEBUG Reading DHT temp 26.6
2017-05-26 16:20:17,625 DEBUG Reading Light Digital 0
2017-05-26 16:20:17,727 DEBUG Reading PIR 0
2017-05-26 16:20:17,935 DEBUG Reading Temperature Interior 25.45
2017-05-26 16:20:18,144 DEBUG Reading Sound 3
2017-05-26 16:20:18,374 DEBUG Reading Vibration 0
2017-05-26 16:20:19,082 DEBUG Reading DHT hum 40.8
2017-05-26 16:20:19,791 DEBUG Reading DHT temp 26.6
2017-05-26 16:20:20,199 DEBUG Reading Light Digital 0
2017-05-26 16:20:20,302 DEBUG Reading PIR 0
2017-05-26 16:20:20,510 DEBUG Reading Temperature Interior 25.45
2017-05-26 16:20:20,511 DEBUG Reading Gas MQ9 31
2017-05-26 16:20:20,512 DEBUG Reading Gas MQ2 28
2017-05-26 16:20:20,720 DEBUG Reading Sound 11
2017-05-26 16:20:20,928 DEBUG Reading Vibration 0
2017-05-26 16:20:21,637 DEBUG Reading DHT hum 40.8
2017-05-26 16:20:21,638 DEBUG Reading Gas MQ5 12
2017-05-26 16:20:21,639 DEBUG Reading Gas MQ3 38
2017-05-26 16:20:22,347 DEBUG Reading DHT temp 26.6
2017-05-26 16:20:22,755 DEBUG Reading Light Digital 0
2017-05-26 16:20:22,858 DEBUG Reading PIR 0
2017-05-26 16:20:23,066 DEBUG Reading Temperature Interior 25.45
2017-05-26 16:20:23,274 DEBUG Reading Sound 3
2017-05-26 16:20:23,502 DEBUG Reading Vibration 0
2017-05-26 16:20:24,210 DEBUG Reading DHT hum 40.8
2017-05-26 16:20:24,919 DEBUG Reading DHT temp 26.6
2017-05-26 16:20:25,327 DEBUG Reading Light Digital 0
2017-05-26 16:20:25,430 DEBUG Reading PIR 0
2017-05-26 16:20:25,638 DEBUG Reading Temperature Interior 25.45
2017-05-26 16:20:25,639 DEBUG Reading Gas MQ9 31
2017-05-26 16:20:25,640 DEBUG Reading Gas MQ2 27
2017-05-26 16:20:25,848 DEBUG Reading Sound 3
2017-05-26 16:20:26,056 DEBUG Reading Vibration 0
2017-05-26 16:20:26,765 DEBUG Reading DHT hum 40.8
2017-05-26 16:20:26,766 DEBUG Reading Gas MQ5 12
2017-05-26 16:20:26,767 DEBUG Reading Gas MQ3 38
2017-05-26 16:20:27,479 DEBUG Reading DHT temp 26.6
2017-05-26 16:20:27,887 DEBUG Reading Light Digital 0
2017-05-26 16:20:27,990 DEBUG Reading PIR 0
2017-05-26 16:20:28,197 DEBUG Reading Temperature Interior 25.45
2017-05-26 16:20:28,405 DEBUG Reading Sound 1
2017-05-26 16:20:28,643 DEBUG Reading Vibration 0
2017-05-26 16:20:29,352 DEBUG Reading DHT hum 40.7
2017-05-26 16:20:30,060 DEBUG Reading DHT temp 26.6
2017-05-26 16:20:30,469 DEBUG Reading Light Digital 0
2017-05-26 16:20:30,571 DEBUG Reading PIR 0
2017-05-26 16:20:30,779 DEBUG Reading Temperature Interior 25.45
2017-05-26 16:20:30,780 DEBUG Reading Gas MQ9 31
2017-05-26 16:20:30,781 DEBUG Reading Gas MQ2 27
2017-05-26 16:20:30,996 DEBUG Reading Sound 5
2017-05-26 16:20:31,204 DEBUG Reading Vibration 0
2017-05-26 16:20:31,913 DEBUG Reading DHT hum 40.7
2017-05-26 16:20:31,914 DEBUG Reading Gas MQ5 12
2017-05-26 16:20:31,915 DEBUG Reading Gas MQ3 38
2017-05-26 16:20:32,623 DEBUG Reading DHT temp 26.6
2017-05-26 16:20:33,031 DEBUG Reading Light Digital 0
2017-05-26 16:20:33,134 DEBUG Reading PIR 0
2017-05-26 16:20:33,342 DEBUG Reading Temperature Interior 25.45
2017-05-26 16:20:33,550 DEBUG Reading Sound 14
2017-05-26 16:20:33,780 DEBUG Reading Vibration 0
2017-05-26 16:20:34,489 DEBUG Reading DHT hum 40.7
2017-05-26 16:20:35,198 DEBUG Reading DHT temp 26.6
2017-05-26 16:20:35,606 DEBUG Reading Light Digital 0
2017-05-26 16:20:35,709 DEBUG Reading PIR 0
2017-05-26 16:20:35,915 DEBUG Reading Temperature Interior 25.45
2017-05-26 16:20:35,916 DEBUG Reading Gas MQ9 31
2017-05-26 16:20:35,916 DEBUG Reading Gas MQ2 27
2017-05-26 16:20:36,121 DEBUG Reading Sound 10
2017-05-26 16:20:36,326 DEBUG Reading Vibration 0
2017-05-26 16:20:37,032 DEBUG Reading DHT hum 40.7
2017-05-26 16:20:37,033 DEBUG Reading Gas MQ5 12
2017-05-26 16:20:37,033 DEBUG Reading Gas MQ3 38
2017-05-26 16:20:37,739 DEBUG Reading DHT temp 26.5
2017-05-26 16:20:38,145 DEBUG Reading Light Digital 0
2017-05-26 16:20:38,247 DEBUG Reading PIR 0
2017-05-26 16:20:38,451 DEBUG Reading Temperature Interior 25.45
2017-05-26 16:20:38,656 DEBUG Reading Sound 12
2017-05-26 16:20:38,862 DEBUG Reading Vibration 1
2017-05-26 16:20:39,567 DEBUG Reading DHT hum 40.7
2017-05-26 16:20:40,275 DEBUG Reading DHT temp 26.5
2017-05-26 16:20:40,683 DEBUG Reading Light Digital 0
2017-05-26 16:20:40,786 DEBUG Reading PIR 0
2017-05-26 16:20:40,994 DEBUG Reading Temperature Interior 25.45
2017-05-26 16:20:40,995 DEBUG Reading Gas MQ9 31
2017-05-26 16:20:40,996 DEBUG Reading Gas MQ2 27
2017-05-26 16:20:41,204 DEBUG Reading Sound 18
2017-05-26 16:20:41,412 DEBUG Reading Vibration 0
2017-05-26 16:20:42,120 DEBUG Reading DHT hum 40.7
2017-05-26 16:20:42,121 DEBUG Reading Gas MQ5 12
2017-05-26 16:20:42,122 DEBUG Reading Gas MQ3 37
2017-05-26 16:20:42,831 DEBUG Reading DHT temp 26.5
2017-05-26 16:20:43,239 DEBUG Reading Light Digital 0
2017-05-26 16:20:43,342 DEBUG Reading PIR 0
2017-05-26 16:20:43,549 DEBUG Reading Temperature Interior 25.45
2017-05-26 16:20:43,757 DEBUG Reading Sound 8
2017-05-26 16:20:43,966 DEBUG Reading Vibration 0
2017-05-26 16:20:44,674 DEBUG Reading DHT hum 40.7
2017-05-26 16:20:45,383 DEBUG Reading DHT temp 26.5
2017-05-26 16:20:45,791 DEBUG Reading Light Digital 0
2017-05-26 16:20:45,894 DEBUG Reading PIR 0
2017-05-26 16:20:46,102 DEBUG Reading Temperature Interior 25.45
2017-05-26 16:20:46,104 DEBUG Reading Gas MQ9 31
2017-05-26 16:20:46,105 DEBUG Reading Gas MQ2 27
2017-05-26 16:20:46,312 DEBUG Reading Sound 21
2017-05-26 16:20:46,520 DEBUG Reading Vibration 0
2017-05-26 16:20:47,229 DEBUG Reading DHT hum 40.7
2017-05-26 16:20:47,230 DEBUG Reading Gas MQ5 12
2017-05-26 16:20:47,231 DEBUG Reading Gas MQ3 38
2017-05-26 16:20:47,939 DEBUG Reading DHT temp 26.5
2017-05-26 16:20:48,347 DEBUG Reading Light Digital 0
2017-05-26 16:20:48,450 DEBUG Reading PIR 0
2017-05-26 16:20:48,658 DEBUG Reading Temperature Interior 25.45
2017-05-26 16:20:48,866 DEBUG Reading Sound 4
2017-05-26 16:20:49,074 DEBUG Reading Vibration 0
2017-05-26 16:20:49,783 DEBUG Reading DHT hum 40.7
2017-05-26 16:20:50,504 DEBUG Reading DHT temp 26.5
2017-05-26 16:20:50,912 DEBUG Reading Light Digital 0
2017-05-26 16:20:51,015 DEBUG Reading PIR 0
2017-05-26 16:20:51,223 DEBUG Reading Temperature Interior 25.45
2017-05-26 16:20:51,224 DEBUG Reading Gas MQ9 31
2017-05-26 16:20:51,224 DEBUG Reading Gas MQ2 27
2017-05-26 16:20:51,432 DEBUG Reading Sound 12
2017-05-26 16:20:51,640 DEBUG Reading Vibration 0
2017-05-26 16:20:52,349 DEBUG Reading DHT hum 40.7
2017-05-26 16:20:52,350 DEBUG Reading Gas MQ5 12
2017-05-26 16:20:52,351 DEBUG Reading Gas MQ3 38
2017-05-26 16:20:53,059 DEBUG Reading DHT temp 26.5
2017-05-26 16:20:53,467 DEBUG Reading Light Digital 0
2017-05-26 16:20:53,570 DEBUG Reading PIR 0
2017-05-26 16:20:53,778 DEBUG Reading Temperature Interior 25.45
2017-05-26 16:20:53,986 DEBUG Reading Sound 20
2017-05-26 16:20:54,194 DEBUG Reading Vibration 0
2017-05-26 16:20:54,903 DEBUG Reading DHT hum 40.7
2017-05-26 16:20:55,612 DEBUG Reading DHT temp 26.5
2017-05-26 16:20:56,020 DEBUG Reading Light Digital 0
2017-05-26 16:20:56,123 DEBUG Reading PIR 0
2017-05-26 16:20:56,331 DEBUG Reading Temperature Interior 25.45
2017-05-26 16:20:56,332 DEBUG Reading Gas MQ9 31
2017-05-26 16:20:56,333 DEBUG Reading Gas MQ2 27
2017-05-26 16:20:56,541 DEBUG Reading Sound 2
2017-05-26 16:20:56,748 DEBUG Reading Vibration 0
2017-05-26 16:20:57,457 DEBUG Reading DHT hum 40.7
2017-05-26 16:20:57,459 DEBUG Reading Gas MQ5 12
2017-05-26 16:20:57,460 DEBUG Reading Gas MQ3 38
2017-05-26 16:20:58,168 DEBUG Reading DHT temp 26.5
2017-05-26 16:20:58,576 DEBUG Reading Light Digital 0
2017-05-26 16:20:58,679 DEBUG Reading PIR 0
2017-05-26 16:20:58,887 DEBUG Reading Temperature Interior 25.45
2017-05-26 16:20:59,096 DEBUG Reading Sound 15
2017-05-26 16:20:59,303 DEBUG Reading Vibration 0
2017-05-26 16:21:00,012 DEBUG Reading DHT hum 40.7
2017-05-26 16:21:00,721 DEBUG Reading DHT temp 26.5
2017-05-26 16:21:01,129 DEBUG Reading Light Digital 0
2017-05-26 16:21:01,232 DEBUG Reading PIR 0
2017-05-26 16:21:01,440 DEBUG Reading Temperature Interior 25.45
2017-05-26 16:21:01,441 DEBUG Reading Gas MQ9 31
2017-05-26 16:21:01,442 DEBUG Reading Gas MQ2 27
2017-05-26 16:21:01,650 DEBUG Reading Sound 1
2017-05-26 16:21:01,858 DEBUG Reading Vibration 0
2017-05-26 16:21:02,567 DEBUG Reading DHT hum 40.7
2017-05-26 16:21:02,568 DEBUG Reading Gas MQ5 12
2017-05-26 16:21:02,570 DEBUG Reading Gas MQ3 38
2017-05-26 16:21:03,276 DEBUG Reading DHT temp 26.5
2017-05-26 16:21:03,682 DEBUG Reading Light Digital 0
2017-05-26 16:21:03,784 DEBUG Reading PIR 0
2017-05-26 16:21:03,989 DEBUG Reading Temperature Interior 25.45
2017-05-26 16:21:04,194 DEBUG Reading Sound 9
2017-05-26 16:21:04,399 DEBUG Reading Vibration 0
2017-05-26 16:21:05,107 DEBUG Reading DHT hum 40.7
2017-05-26 16:21:05,815 DEBUG Reading DHT temp 26.5
2017-05-26 16:21:06,224 DEBUG Reading Light Digital 0
2017-05-26 16:21:06,326 DEBUG Reading PIR 0
2017-05-26 16:21:06,534 DEBUG Reading Temperature Interior 25.45
2017-05-26 16:21:06,536 DEBUG Reading Gas MQ9 32
2017-05-26 16:21:06,538 DEBUG Reading Gas MQ2 27
2017-05-26 16:21:06,746 DEBUG Reading Sound 12
2017-05-26 16:21:06,954 DEBUG Reading Vibration 0
2017-05-26 16:21:07,664 DEBUG Reading DHT hum 40.7
2017-05-26 16:21:07,665 DEBUG Reading Gas MQ5 12
2017-05-26 16:21:07,667 DEBUG Reading Gas MQ3 38
2017-05-26 16:21:08,377 DEBUG Reading DHT temp 26.5
2017-05-26 16:21:08,785 DEBUG Reading Light Digital 0
2017-05-26 16:21:08,888 DEBUG Reading PIR 0
2017-05-26 16:21:09,096 DEBUG Reading Temperature Interior 25.45
2017-05-26 16:21:09,305 DEBUG Reading Sound 4
2017-05-26 16:21:09,514 DEBUG Reading Vibration 0
2017-05-26 16:21:10,223 DEBUG Reading DHT hum 40.7
2017-05-26 16:21:10,932 DEBUG Reading DHT temp 26.5
2017-05-26 16:21:11,340 DEBUG Reading Light Digital 0
2017-05-26 16:21:11,443 DEBUG Reading PIR 0
2017-05-26 16:21:11,652 DEBUG Reading Temperature Interior 25.45
2017-05-26 16:21:11,654 DEBUG Reading Gas MQ9 31
2017-05-26 16:21:11,656 DEBUG Reading Gas MQ2 27
2017-05-26 16:21:11,864 DEBUG Reading Sound 15
2017-05-26 16:21:12,073 DEBUG Reading Vibration 0
2017-05-26 16:21:12,782 DEBUG Reading DHT hum 40.7
2017-05-26 16:21:12,784 DEBUG Reading Gas MQ5 12
2017-05-26 16:21:12,785 DEBUG Reading Gas MQ3 37
2017-05-26 16:21:13,494 DEBUG Reading DHT temp 26.5
2017-05-26 16:21:13,902 DEBUG Reading Light Digital 0
2017-05-26 16:21:14,006 DEBUG Reading PIR 0
2017-05-26 16:21:14,214 DEBUG Reading Temperature Interior 25.45
2017-05-26 16:21:14,423 DEBUG Reading Sound 21
2017-05-26 16:21:14,631 DEBUG Reading Vibration 0
2017-05-26 16:21:15,341 DEBUG Reading DHT hum 40.7
2017-05-26 16:21:16,050 DEBUG Reading DHT temp 26.5
2017-05-26 16:21:16,458 DEBUG Reading Light Digital 0
2017-05-26 16:21:16,561 DEBUG Reading PIR 0
2017-05-26 16:21:16,770 DEBUG Reading Temperature Interior 25.45
2017-05-26 16:21:16,771 DEBUG Reading Gas MQ9 31
2017-05-26 16:21:16,773 DEBUG Reading Gas MQ2 27
2017-05-26 16:21:16,982 DEBUG Reading Sound 8
2017-05-26 16:21:17,190 DEBUG Reading Vibration 0
2017-05-26 16:21:17,899 DEBUG Reading DHT hum 40.8
2017-05-26 16:21:17,901 DEBUG Reading Gas MQ5 12
2017-05-26 16:21:17,903 DEBUG Reading Gas MQ3 38
2017-05-26 16:21:18,612 DEBUG Reading DHT temp 26.5
2017-05-26 16:21:19,020 DEBUG Reading Light Digital 0
2017-05-26 16:21:19,123 DEBUG Reading PIR 0
2017-05-26 16:21:19,332 DEBUG Reading Temperature Interior 25.45
2017-05-26 16:21:19,541 DEBUG Reading Sound 12
2017-05-26 16:21:19,749 DEBUG Reading Vibration 0
2017-05-26 16:21:20,458 DEBUG Reading DHT hum 40.8
2017-05-26 16:21:21,167 DEBUG Reading DHT temp 26.5
2017-05-26 16:21:21,576 DEBUG Reading Light Digital 0
2017-05-26 16:21:21,679 DEBUG Reading PIR 0
2017-05-26 16:21:21,888 DEBUG Reading Temperature Interior 25.45
2017-05-26 16:21:21,889 DEBUG Reading Gas MQ9 31
2017-05-26 16:21:21,891 DEBUG Reading Gas MQ2 27
2017-05-26 16:21:22,100 DEBUG Reading Sound 7
2017-05-26 16:21:22,308 DEBUG Reading Vibration 0
2017-05-26 16:21:23,017 DEBUG Reading DHT hum 40.8
2017-05-26 16:21:23,019 DEBUG Reading Gas MQ5 12
2017-05-26 16:21:23,021 DEBUG Reading Gas MQ3 37
2017-05-26 16:21:23,730 DEBUG Reading DHT temp 26.5
2017-05-26 16:21:24,138 DEBUG Reading Light Digital 0
2017-05-26 16:21:24,241 DEBUG Reading PIR 0
2017-05-26 16:21:24,450 DEBUG Reading Temperature Interior 25.45
2017-05-26 16:21:24,657 DEBUG Reading Sound 14
2017-05-26 16:21:24,866 DEBUG Reading Vibration 1
2017-05-26 16:21:25,575 DEBUG Reading DHT hum 40.8
2017-05-26 16:21:26,284 DEBUG Reading DHT temp 26.5
2017-05-26 16:21:26,692 DEBUG Reading Light Digital 0
2017-05-26 16:21:26,795 DEBUG Reading PIR 0
2017-05-26 16:21:27,004 DEBUG Reading Temperature Interior 25.45
2017-05-26 16:21:27,006 DEBUG Reading Gas MQ9 31
2017-05-26 16:21:27,008 DEBUG Reading Gas MQ2 27
2017-05-26 16:21:27,217 DEBUG Reading Sound 8
2017-05-26 16:21:27,426 DEBUG Reading Vibration 0
2017-05-26 16:21:28,135 DEBUG Reading DHT hum 40.8
2017-05-26 16:21:28,137 DEBUG Reading Gas MQ5 12
2017-05-26 16:21:28,138 DEBUG Reading Gas MQ3 38
2017-05-26 16:21:28,846 DEBUG Reading DHT temp 26.5
2017-05-26 16:21:29,252 DEBUG Reading Light Digital 0
2017-05-26 16:21:29,354 DEBUG Reading PIR 0
2017-05-26 16:21:29,560 DEBUG Reading Temperature Interior 25.45
2017-05-26 16:21:29,765 DEBUG Reading Sound 44
2017-05-26 16:21:29,973 DEBUG Reading Vibration 1
2017-05-26 16:21:30,682 DEBUG Reading DHT hum 40.8
2017-05-26 16:21:31,392 DEBUG Reading DHT temp 26.5
2017-05-26 16:21:31,800 DEBUG Reading Light Digital 0
2017-05-26 16:21:31,903 DEBUG Reading PIR 0
2017-05-26 16:21:32,112 DEBUG Reading Temperature Interior 25.45
2017-05-26 16:21:32,113 DEBUG Reading Gas MQ9 31
2017-05-26 16:21:32,115 DEBUG Reading Gas MQ2 27
2017-05-26 16:21:32,324 DEBUG Reading Sound 11
2017-05-26 16:21:32,532 DEBUG Reading Vibration 0
2017-05-26 16:21:33,241 DEBUG Reading DHT hum 40.8
2017-05-26 16:21:33,243 DEBUG Reading Gas MQ5 12
2017-05-26 16:21:33,245 DEBUG Reading Gas MQ3 37
2017-05-26 16:21:33,954 DEBUG Reading DHT temp 26.5
2017-05-26 16:21:34,362 DEBUG Reading Light Digital 0
2017-05-26 16:21:34,465 DEBUG Reading PIR 0
2017-05-26 16:21:34,673 DEBUG Reading Temperature Interior 25.45
2017-05-26 16:21:34,882 DEBUG Reading Sound 13
2017-05-26 16:21:35,091 DEBUG Reading Vibration 0
2017-05-26 16:21:35,800 DEBUG Reading DHT hum 40.8
2017-05-26 16:21:36,509 DEBUG Reading DHT temp 26.5
2017-05-26 16:21:36,917 DEBUG Reading Light Digital 0
2017-05-26 16:21:37,021 DEBUG Reading PIR 0
2017-05-26 16:21:37,229 DEBUG Reading Temperature Interior 25.45
2017-05-26 16:21:37,231 DEBUG Reading Gas MQ9 31
2017-05-26 16:21:37,233 DEBUG Reading Gas MQ2 27
2017-05-26 16:21:37,442 DEBUG Reading Sound 7
2017-05-26 16:21:37,650 DEBUG Reading Vibration 0
2017-05-26 16:21:38,359 DEBUG Reading DHT hum 40.8
2017-05-26 16:21:38,361 DEBUG Reading Gas MQ5 12
2017-05-26 16:21:38,362 DEBUG Reading Gas MQ3 38
2017-05-26 16:21:39,072 DEBUG Reading DHT temp 26.5
2017-05-26 16:21:39,480 DEBUG Reading Light Digital 0
2017-05-26 16:21:39,583 DEBUG Reading PIR 0
2017-05-26 16:21:39,791 DEBUG Reading Temperature Interior 25.45
2017-05-26 16:21:40,000 DEBUG Reading Sound 8
2017-05-26 16:21:40,209 DEBUG Reading Vibration 0
2017-05-26 16:21:40,918 DEBUG Reading DHT hum 40.8
2017-05-26 16:21:41,627 DEBUG Reading DHT temp 26.5
2017-05-26 16:21:42,035 DEBUG Reading Light Digital 0
2017-05-26 16:21:42,138 DEBUG Reading PIR 0
2017-05-26 16:21:42,347 DEBUG Reading Temperature Interior 25.45
2017-05-26 16:21:42,349 DEBUG Reading Gas MQ9 31
2017-05-26 16:21:42,351 DEBUG Reading Gas MQ2 27
2017-05-26 16:21:42,560 DEBUG Reading Sound 12
2017-05-26 16:21:42,768 DEBUG Reading Vibration 0
2017-05-26 16:21:43,477 DEBUG Reading DHT hum 40.8
2017-05-26 16:21:43,479 DEBUG Reading Gas MQ5 12
2017-05-26 16:21:43,481 DEBUG Reading Gas MQ3 38
2017-05-26 16:21:44,190 DEBUG Reading DHT temp 26.5
2017-05-26 16:21:44,598 DEBUG Reading Light Digital 0
2017-05-26 16:21:44,701 DEBUG Reading PIR 0
2017-05-26 16:21:44,909 DEBUG Reading Temperature Interior 25.45
2017-05-26 16:21:45,118 DEBUG Reading Sound 1
2017-05-26 16:21:45,327 DEBUG Reading Vibration 0
2017-05-26 16:21:46,036 DEBUG Reading DHT hum 40.8
2017-05-26 16:21:46,745 DEBUG Reading DHT temp 26.5
2017-05-26 16:21:47,153 DEBUG Reading Light Digital 0
2017-05-26 16:21:47,256 DEBUG Reading PIR 0
2017-05-26 16:21:47,465 DEBUG Reading Temperature Interior 25.45
2017-05-26 16:21:47,467 DEBUG Reading Gas MQ9 31
2017-05-26 16:21:47,468 DEBUG Reading Gas MQ2 27
2017-05-26 16:21:47,678 DEBUG Reading Sound 11
2017-05-26 16:21:47,886 DEBUG Reading Vibration 0
2017-05-26 16:21:48,596 DEBUG Reading DHT hum 40.8
2017-05-26 16:21:48,598 DEBUG Reading Gas MQ5 12
2017-05-26 16:21:48,599 DEBUG Reading Gas MQ3 37
2017-05-26 16:21:49,309 DEBUG Reading DHT temp 26.5
2017-05-26 16:21:49,717 DEBUG Reading Light Digital 0
2017-05-26 16:21:49,820 DEBUG Reading PIR 0
2017-05-26 16:21:50,029 DEBUG Reading Temperature Interior 25.45
2017-05-26 16:21:50,238 DEBUG Reading Sound 4
2017-05-26 16:21:50,446 DEBUG Reading Vibration 0
2017-05-26 16:21:51,155 DEBUG Reading DHT hum 40.8
2017-05-26 16:21:51,864 DEBUG Reading DHT temp 26.5
2017-05-26 16:21:52,273 DEBUG Reading Light Digital 0
2017-05-26 16:21:52,376 DEBUG Reading PIR 0
2017-05-26 16:21:52,584 DEBUG Reading Temperature Interior 25.45
2017-05-26 16:21:52,586 DEBUG Reading Gas MQ9 31
2017-05-26 16:21:52,588 DEBUG Reading Gas MQ2 27
2017-05-26 16:21:52,797 DEBUG Reading Sound 10
2017-05-26 16:21:53,005 DEBUG Reading Vibration 0
2017-05-26 16:21:53,714 DEBUG Reading DHT hum 40.8
2017-05-26 16:21:53,716 DEBUG Reading Gas MQ5 12
2017-05-26 16:21:53,718 DEBUG Reading Gas MQ3 38
2017-05-26 16:21:54,427 DEBUG Reading DHT temp 26.5
2017-05-26 16:21:54,835 DEBUG Reading Light Digital 0
2017-05-26 16:21:54,938 DEBUG Reading PIR 0
2017-05-26 16:21:55,147 DEBUG Reading Temperature Interior 25.45
2017-05-26 16:21:55,356 DEBUG Reading Sound 7
2017-05-26 16:21:55,565 DEBUG Reading Vibration 0
2017-05-26 16:21:56,274 DEBUG Reading DHT hum 40.8
2017-05-26 16:21:56,983 DEBUG Reading DHT temp 26.5
2017-05-26 16:21:57,391 DEBUG Reading Light Digital 0
2017-05-26 16:21:57,495 DEBUG Reading PIR 0
2017-05-26 16:21:57,703 DEBUG Reading Temperature Interior 25.45
2017-05-26 16:21:57,705 DEBUG Reading Gas MQ9 31
2017-05-26 16:21:57,707 DEBUG Reading Gas MQ2 27
2017-05-26 16:21:57,915 DEBUG Reading Sound 3
2017-05-26 16:21:58,124 DEBUG Reading Vibration 0
2017-05-26 16:21:58,833 DEBUG Reading DHT hum 40.8
2017-05-26 16:21:58,835 DEBUG Reading Gas MQ5 12
2017-05-26 16:21:58,836 DEBUG Reading Gas MQ3 37
2017-05-26 16:21:59,546 DEBUG Reading DHT temp 26.5
2017-05-26 16:21:59,954 DEBUG Reading Light Digital 0
2017-05-26 16:22:00,057 DEBUG Reading PIR 0
2017-05-26 16:22:00,265 DEBUG Reading Temperature Interior 25.45
2017-05-26 16:22:00,474 DEBUG Reading Sound 3
2017-05-26 16:22:00,683 DEBUG Reading Vibration 0
2017-05-26 16:22:01,392 DEBUG Reading DHT hum 40.8
2017-05-26 16:22:02,101 DEBUG Reading DHT temp 26.5
2017-05-26 16:22:02,509 DEBUG Reading Light Digital 0
2017-05-26 16:22:02,612 DEBUG Reading PIR 0
2017-05-26 16:22:02,821 DEBUG Reading Temperature Interior 25.45
2017-05-26 16:22:02,823 DEBUG Reading Gas MQ9 31
2017-05-26 16:22:02,824 DEBUG Reading Gas MQ2 27
2017-05-26 16:22:03,033 DEBUG Reading Sound 12
2017-05-26 16:22:03,242 DEBUG Reading Vibration 0
2017-05-26 16:22:03,951 DEBUG Reading DHT hum 40.8
2017-05-26 16:22:03,952 DEBUG Reading Gas MQ5 12
2017-05-26 16:22:03,954 DEBUG Reading Gas MQ3 38
2017-05-26 16:22:04,663 DEBUG Reading DHT temp 26.5
2017-05-26 16:22:05,071 DEBUG Reading Light Digital 0
2017-05-26 16:22:05,174 DEBUG Reading PIR 0
2017-05-26 16:22:05,383 DEBUG Reading Temperature Interior 25.45
2017-05-26 16:22:05,592 DEBUG Reading Sound 15
2017-05-26 16:22:05,801 DEBUG Reading Vibration 0
2017-05-26 16:22:06,510 DEBUG Reading DHT hum 40.8
2017-05-26 16:22:07,219 DEBUG Reading DHT temp 26.5
2017-05-26 16:22:07,627 DEBUG Reading Light Digital 0
2017-05-26 16:22:07,730 DEBUG Reading PIR 0
2017-05-26 16:22:07,939 DEBUG Reading Temperature Interior 25.45
2017-05-26 16:22:07,941 DEBUG Reading Gas MQ9 31
2017-05-26 16:22:07,943 DEBUG Reading Gas MQ2 27
2017-05-26 16:22:08,152 DEBUG Reading Sound 15
2017-05-26 16:22:08,360 DEBUG Reading Vibration 0
2017-05-26 16:22:09,069 DEBUG Reading DHT hum 40.8
2017-05-26 16:22:09,070 DEBUG Reading Gas MQ5 12
2017-05-26 16:22:09,072 DEBUG Reading Gas MQ3 37
2017-05-26 16:22:09,781 DEBUG Reading DHT temp 26.5
2017-05-26 16:22:10,189 DEBUG Reading Light Digital 0
2017-05-26 16:22:10,292 DEBUG Reading PIR 0
2017-05-26 16:22:10,501 DEBUG Reading Temperature Interior 25.45
2017-05-26 16:22:10,710 DEBUG Reading Sound 43
2017-05-26 16:22:10,919 DEBUG Reading Vibration 1
2017-05-26 16:22:11,628 DEBUG Reading DHT hum 40.8
2017-05-26 16:22:12,337 DEBUG Reading DHT temp 26.5
2017-05-26 16:22:12,746 DEBUG Reading Light Digital 0
2017-05-26 16:22:12,849 DEBUG Reading PIR 0
2017-05-26 16:22:14,992 DEBUG Reading Temperature Interior 25.45
2017-05-26 16:22:14,993 DEBUG Reading Gas MQ9 31
2017-05-26 16:22:14,995 DEBUG Reading Gas MQ2 26
2017-05-26 16:22:15,204 DEBUG Reading Sound 3
2017-05-26 16:22:15,412 DEBUG Reading Vibration 0
2017-05-26 16:22:16,121 DEBUG Reading DHT hum 40.8
2017-05-26 16:22:16,123 DEBUG Reading Gas MQ5 12
2017-05-26 16:22:16,125 DEBUG Reading Gas MQ3 38
2017-05-26 16:22:16,834 DEBUG Reading DHT temp 26.5
2017-05-26 16:22:17,242 DEBUG Reading Light Digital 0
2017-05-26 16:22:17,345 DEBUG Reading PIR 0
2017-05-26 16:22:17,554 DEBUG Reading Temperature Interior 25.45
2017-05-26 16:22:17,763 DEBUG Reading Sound 8
2017-05-26 16:22:17,971 DEBUG Reading Vibration 0
2017-05-26 16:22:18,681 DEBUG Reading DHT hum 40.8
2017-05-26 16:22:19,390 DEBUG Reading DHT temp 26.5
2017-05-26 16:22:19,798 DEBUG Reading Light Digital 0
2017-05-26 16:22:19,901 DEBUG Reading PIR 0
2017-05-26 16:22:20,109 DEBUG Reading Temperature Interior 25.45
2017-05-26 16:22:20,111 DEBUG Reading Gas MQ9 31
2017-05-26 16:22:20,113 DEBUG Reading Gas MQ2 27
2017-05-26 16:22:20,322 DEBUG Reading Sound 11
2017-05-26 16:22:20,530 DEBUG Reading Vibration 0
2017-05-26 16:22:21,239 DEBUG Reading DHT hum 40.8
2017-05-26 16:22:21,241 DEBUG Reading Gas MQ5 12
2017-05-26 16:22:21,243 DEBUG Reading Gas MQ3 38
2017-05-26 16:22:21,952 DEBUG Reading DHT temp 26.5
2017-05-26 16:22:22,360 DEBUG Reading Light Digital 0
2017-05-26 16:22:22,463 DEBUG Reading PIR 0
2017-05-26 16:22:22,671 DEBUG Reading Temperature Interior 25.45
2017-05-26 16:22:22,881 DEBUG Reading Sound 2
2017-05-26 16:22:23,089 DEBUG Reading Vibration 0
2017-05-26 16:22:23,798 DEBUG Reading DHT hum 40.8
2017-05-26 16:22:24,508 DEBUG Reading DHT temp 26.5
2017-05-26 16:22:24,916 DEBUG Reading Light Digital 0
2017-05-26 16:22:25,019 DEBUG Reading PIR 0
2017-05-26 16:22:25,227 DEBUG Reading Temperature Interior 25.45
2017-05-26 16:22:25,229 DEBUG Reading Gas MQ9 31
2017-05-26 16:22:25,231 DEBUG Reading Gas MQ2 26
2017-05-26 16:22:25,439 DEBUG Reading Sound 8
2017-05-26 16:22:25,648 DEBUG Reading Vibration 0
2017-05-26 16:22:26,357 DEBUG Reading DHT hum 40.8
2017-05-26 16:22:26,359 DEBUG Reading Gas MQ5 12
2017-05-26 16:22:26,360 DEBUG Reading Gas MQ3 38
2017-05-26 16:22:27,070 DEBUG Reading DHT temp 26.5
2017-05-26 16:22:27,478 DEBUG Reading Light Digital 0
2017-05-26 16:22:27,581 DEBUG Reading PIR 0
2017-05-26 16:22:27,789 DEBUG Reading Temperature Interior 25.45
2017-05-26 16:22:27,998 DEBUG Reading Sound 28
2017-05-26 16:22:28,207 DEBUG Reading Vibration 0
2017-05-26 16:22:29,623 DEBUG Reading DHT temp 26.5
2017-05-26 16:22:30,032 DEBUG Reading Light Digital 0
2017-05-26 16:22:30,135 DEBUG Reading PIR 0
2017-05-26 16:22:30,343 DEBUG Reading Temperature Interior 25.45
2017-05-26 16:22:30,345 DEBUG Reading Gas MQ9 31
2017-05-26 16:22:30,347 DEBUG Reading Gas MQ2 26
2017-05-26 16:22:30,556 DEBUG Reading Sound 5
2017-05-26 16:22:30,764 DEBUG Reading Vibration 0
2017-05-26 16:22:31,473 DEBUG Reading DHT hum 40.8
2017-05-26 16:22:31,475 DEBUG Reading Gas MQ5 12
2017-05-26 16:22:31,477 DEBUG Reading Gas MQ3 38
2017-05-26 16:22:32,186 DEBUG Reading DHT temp 26.5
2017-05-26 16:22:32,594 DEBUG Reading Light Digital 0
2017-05-26 16:22:32,697 DEBUG Reading PIR 0
2017-05-26 16:22:32,905 DEBUG Reading Temperature Interior 25.45
2017-05-26 16:22:33,114 DEBUG Reading Sound 8
2017-05-26 16:22:33,323 DEBUG Reading Vibration 0
2017-05-26 16:22:34,032 DEBUG Reading DHT hum 40.8
2017-05-26 16:22:34,741 DEBUG Reading DHT temp 26.5
2017-05-26 16:22:35,149 DEBUG Reading Light Digital 0
2017-05-26 16:22:35,252 DEBUG Reading PIR 0
2017-05-26 16:22:35,461 DEBUG Reading Temperature Interior 25.45
2017-05-26 16:22:35,462 DEBUG Reading Gas MQ9 31
2017-05-26 16:22:35,464 DEBUG Reading Gas MQ2 27
2017-05-26 16:22:35,673 DEBUG Reading Sound 15
2017-05-26 16:22:35,881 DEBUG Reading Vibration 0
2017-05-26 16:22:36,590 DEBUG Reading DHT hum 40.8
2017-05-26 16:22:36,592 DEBUG Reading Gas MQ5 12
2017-05-26 16:22:36,594 DEBUG Reading Gas MQ3 38
2017-05-26 16:22:37,303 DEBUG Reading DHT temp 26.5
2017-05-26 16:22:37,711 DEBUG Reading Light Digital 0
2017-05-26 16:22:37,814 DEBUG Reading PIR 0
2017-05-26 16:22:38,022 DEBUG Reading Temperature Interior 25.45
2017-05-26 16:22:38,232 DEBUG Reading Sound 2
2017-05-26 16:22:38,440 DEBUG Reading Vibration 0
2017-05-26 16:22:39,149 DEBUG Reading DHT hum 40.8
2017-05-26 16:22:39,858 DEBUG Reading DHT temp 26.5
2017-05-26 16:22:40,266 DEBUG Reading Light Digital 0
2017-05-26 16:22:40,369 DEBUG Reading PIR 0
2017-05-26 16:22:40,578 DEBUG Reading Temperature Interior 25.45
2017-05-26 16:22:40,579 DEBUG Reading Gas MQ9 31
2017-05-26 16:22:40,581 DEBUG Reading Gas MQ2 26
2017-05-26 16:22:40,790 DEBUG Reading Sound 40
2017-05-26 16:22:40,998 DEBUG Reading Vibration 0
2017-05-26 16:22:41,708 DEBUG Reading DHT hum 40.8
2017-05-26 16:22:41,710 DEBUG Reading Gas MQ5 12
2017-05-26 16:22:41,711 DEBUG Reading Gas MQ3 38
2017-05-26 16:22:42,421 DEBUG Reading DHT temp 26.5
2017-05-26 16:22:42,829 DEBUG Reading Light Digital 0
2017-05-26 16:22:42,932 DEBUG Reading PIR 0
2017-05-26 16:22:43,140 DEBUG Reading Temperature Interior 25.45
2017-05-26 16:22:43,349 DEBUG Reading Sound 50
2017-05-26 16:22:43,557 DEBUG Reading Vibration 0
2017-05-26 16:22:44,266 DEBUG Reading DHT hum 40.8
2017-05-26 16:22:44,976 DEBUG Reading DHT temp 26.5
2017-05-26 16:22:45,384 DEBUG Reading Light Digital 0
2017-05-26 16:22:45,487 DEBUG Reading PIR 0
2017-05-26 16:22:45,696 DEBUG Reading Temperature Interior 25.45
2017-05-26 16:22:45,697 DEBUG Reading Gas MQ9 31
2017-05-26 16:22:45,699 DEBUG Reading Gas MQ2 26
2017-05-26 16:22:45,908 DEBUG Reading Sound 5
2017-05-26 16:22:46,117 DEBUG Reading Vibration 0
2017-05-26 16:22:46,826 DEBUG Reading DHT hum 40.8
2017-05-26 16:22:46,827 DEBUG Reading Gas MQ5 12
2017-05-26 16:22:46,829 DEBUG Reading Gas MQ3 38
2017-05-26 16:22:47,538 DEBUG Reading DHT temp 26.5
2017-05-26 16:22:47,947 DEBUG Reading Light Digital 0
2017-05-26 16:22:48,050 DEBUG Reading PIR 0
2017-05-26 16:22:48,258 DEBUG Reading Temperature Interior 25.45
2017-05-26 16:22:48,467 DEBUG Reading Sound 2
2017-05-26 16:22:48,676 DEBUG Reading Vibration 0
2017-05-26 16:22:49,385 DEBUG Reading DHT hum 40.8
2017-05-26 16:22:50,094 DEBUG Reading DHT temp 26.5
2017-05-26 16:22:50,503 DEBUG Reading Light Digital 0
2017-05-26 16:22:50,606 DEBUG Reading PIR 0
2017-05-26 16:22:50,814 DEBUG Reading Temperature Interior 25.45
2017-05-26 16:22:50,816 DEBUG Reading Gas MQ9 31
2017-05-26 16:22:50,818 DEBUG Reading Gas MQ2 26
2017-05-26 16:22:51,026 DEBUG Reading Sound 11
2017-05-26 16:22:51,235 DEBUG Reading Vibration 0
2017-05-26 16:22:51,944 DEBUG Reading DHT hum 40.8
2017-05-26 16:22:51,945 DEBUG Reading Gas MQ5 12
2017-05-26 16:22:51,947 DEBUG Reading Gas MQ3 38
2017-05-26 16:22:52,657 DEBUG Reading DHT temp 26.5
2017-05-26 16:22:53,065 DEBUG Reading Light Digital 0
2017-05-26 16:22:53,169 DEBUG Reading PIR 0
2017-05-26 16:22:53,377 DEBUG Reading Temperature Interior 25.45
2017-05-26 16:22:53,586 DEBUG Reading Sound 9
2017-05-26 16:22:53,795 DEBUG Reading Vibration 0
2017-05-26 16:22:54,504 DEBUG Reading DHT hum 40.8
2017-05-26 16:22:55,213 DEBUG Reading DHT temp 26.5
2017-05-26 16:22:55,621 DEBUG Reading Light Digital 0
2017-05-26 16:22:55,725 DEBUG Reading PIR 0
2017-05-26 16:22:55,933 DEBUG Reading Temperature Interior 25.45
2017-05-26 16:22:55,935 DEBUG Reading Gas MQ9 31
2017-05-26 16:22:55,936 DEBUG Reading Gas MQ2 26
2017-05-26 16:22:56,145 DEBUG Reading Sound 8
2017-05-26 16:22:56,354 DEBUG Reading Vibration 0
2017-05-26 16:22:57,063 DEBUG Reading DHT hum 40.8
2017-05-26 16:22:57,064 DEBUG Reading Gas MQ5 12
2017-05-26 16:22:57,066 DEBUG Reading Gas MQ3 38
2017-05-26 16:22:57,775 DEBUG Reading DHT temp 26.5
2017-05-26 16:22:58,184 DEBUG Reading Light Digital 0
2017-05-26 16:22:58,286 DEBUG Reading PIR 0
2017-05-26 16:22:58,495 DEBUG Reading Temperature Interior 25.45
2017-05-26 16:22:58,704 DEBUG Reading Sound 23
2017-05-26 16:22:58,912 DEBUG Reading Vibration 0
2017-05-26 16:22:59,621 DEBUG Reading DHT hum 40.8
2017-05-26 16:23:00,330 DEBUG Reading DHT temp 26.5
2017-05-26 16:23:00,739 DEBUG Reading Light Digital 0
2017-05-26 16:23:00,842 DEBUG Reading PIR 0
2017-05-26 16:23:01,050 DEBUG Reading Temperature Interior 25.45
2017-05-26 16:23:01,052 DEBUG Reading Gas MQ9 31
2017-05-26 16:23:01,054 DEBUG Reading Gas MQ2 26
2017-05-26 16:23:01,263 DEBUG Reading Sound 7
2017-05-26 16:23:01,472 DEBUG Reading Vibration 0
2017-05-26 16:23:02,181 DEBUG Reading DHT hum 40.8
2017-05-26 16:23:02,182 DEBUG Reading Gas MQ5 12
2017-05-26 16:23:02,184 DEBUG Reading Gas MQ3 38
2017-05-26 16:23:02,893 DEBUG Reading DHT temp 26.5
2017-05-26 16:23:03,301 DEBUG Reading Light Digital 0
2017-05-26 16:23:03,404 DEBUG Reading PIR 0
2017-05-26 16:23:03,612 DEBUG Reading Temperature Interior 25.45
2017-05-26 16:23:03,821 DEBUG Reading Sound 25
2017-05-26 16:23:04,030 DEBUG Reading Vibration 0
2017-05-26 16:23:04,739 DEBUG Reading DHT hum 40.8
2017-05-26 16:23:05,448 DEBUG Reading DHT temp 26.5
2017-05-26 16:23:05,856 DEBUG Reading Light Digital 0
2017-05-26 16:23:05,959 DEBUG Reading PIR 0
2017-05-26 16:23:06,167 DEBUG Reading Temperature Interior 25.45
2017-05-26 16:23:06,169 DEBUG Reading Gas MQ9 31
2017-05-26 16:23:06,171 DEBUG Reading Gas MQ2 26
2017-05-26 16:23:06,380 DEBUG Reading Sound 6
2017-05-26 16:23:06,588 DEBUG Reading Vibration 0
2017-05-26 16:23:07,297 DEBUG Reading DHT hum 40.8
2017-05-26 16:23:07,299 DEBUG Reading Gas MQ5 12
2017-05-26 16:23:07,301 DEBUG Reading Gas MQ3 38
2017-05-26 16:23:08,010 DEBUG Reading DHT temp 26.5
2017-05-26 16:23:08,418 DEBUG Reading Light Digital 0
2017-05-26 16:23:08,521 DEBUG Reading PIR 0
2017-05-26 16:23:08,730 DEBUG Reading Temperature Interior 25.45
2017-05-26 16:23:08,939 DEBUG Reading Sound 4
2017-05-26 16:23:09,147 DEBUG Reading Vibration 0
2017-05-26 16:23:09,857 DEBUG Reading DHT hum 40.8
2017-05-26 16:23:10,566 DEBUG Reading DHT temp 26.5
2017-05-26 16:23:10,975 DEBUG Reading Light Digital 0
2017-05-26 16:23:11,078 DEBUG Reading PIR 0
2017-05-26 16:23:11,287 DEBUG Reading Temperature Interior 25.45
2017-05-26 16:23:11,288 DEBUG Reading Gas MQ9 31
2017-05-26 16:23:11,290 DEBUG Reading Gas MQ2 27
2017-05-26 16:23:11,500 DEBUG Reading Sound 15
2017-05-26 16:23:11,708 DEBUG Reading Vibration 0
2017-05-26 16:23:12,417 DEBUG Reading DHT hum 40.8
2017-05-26 16:23:12,419 DEBUG Reading Gas MQ5 12
2017-05-26 16:23:12,421 DEBUG Reading Gas MQ3 37
2017-05-26 16:23:13,130 DEBUG Reading DHT temp 26.5
2017-05-26 16:23:13,538 DEBUG Reading Light Digital 0
2017-05-26 16:23:13,641 DEBUG Reading PIR 0
2017-05-26 16:23:13,849 DEBUG Reading Temperature Interior 25.45
2017-05-26 16:23:14,059 DEBUG Reading Sound 25
2017-05-26 16:23:14,267 DEBUG Reading Vibration 0
2017-05-26 16:23:14,976 DEBUG Reading DHT hum 40.8
2017-05-26 16:23:15,685 DEBUG Reading DHT temp 26.5
2017-05-26 16:23:16,093 DEBUG Reading Light Digital 0
2017-05-26 16:23:16,197 DEBUG Reading PIR 0
2017-05-26 16:23:16,405 DEBUG Reading Temperature Interior 25.45
2017-05-26 16:23:16,407 DEBUG Reading Gas MQ9 31
2017-05-26 16:23:16,408 DEBUG Reading Gas MQ2 26
2017-05-26 16:23:16,618 DEBUG Reading Sound 3
2017-05-26 16:23:16,826 DEBUG Reading Vibration 0
2017-05-26 16:23:17,535 DEBUG Reading DHT hum 40.8
2017-05-26 16:23:17,537 DEBUG Reading Gas MQ5 12
2017-05-26 16:23:17,539 DEBUG Reading Gas MQ3 38
2017-05-26 16:23:18,249 DEBUG Reading DHT temp 26.5
2017-05-26 16:23:18,657 DEBUG Reading Light Digital 0
2017-05-26 16:23:18,760 DEBUG Reading PIR 0
2017-05-26 16:23:18,969 DEBUG Reading Temperature Interior 25.45
2017-05-26 16:23:19,178 DEBUG Reading Sound 13
2017-05-26 16:23:19,386 DEBUG Reading Vibration 0
2017-05-26 16:23:20,095 DEBUG Reading DHT hum 40.8
2017-05-26 16:23:20,804 DEBUG Reading DHT temp 26.5
2017-05-26 16:23:21,212 DEBUG Reading Light Digital 0
2017-05-26 16:23:21,315 DEBUG Reading PIR 0
2017-05-26 16:23:21,524 DEBUG Reading Temperature Interior 25.45
2017-05-26 16:23:21,526 DEBUG Reading Gas MQ9 31
2017-05-26 16:23:21,528 DEBUG Reading Gas MQ2 26
2017-05-26 16:23:21,737 DEBUG Reading Sound 8
2017-05-26 16:23:21,945 DEBUG Reading Vibration 0
2017-05-26 16:23:22,654 DEBUG Reading DHT hum 40.8
2017-05-26 16:23:22,656 DEBUG Reading Gas MQ5 12
2017-05-26 16:23:22,658 DEBUG Reading Gas MQ3 38
2017-05-26 16:23:23,367 DEBUG Reading DHT temp 26.5
2017-05-26 16:23:23,775 DEBUG Reading Light Digital 0
2017-05-26 16:23:23,878 DEBUG Reading PIR 0
2017-05-26 16:23:24,087 DEBUG Reading Temperature Interior 25.45
2017-05-26 16:23:24,296 DEBUG Reading Sound 8
2017-05-26 16:23:24,504 DEBUG Reading Vibration 0
2017-05-26 16:23:25,213 DEBUG Reading DHT hum 40.8
2017-05-26 16:23:25,922 DEBUG Reading DHT temp 26.5
2017-05-26 16:23:26,330 DEBUG Reading Light Digital 0
2017-05-26 16:23:26,434 DEBUG Reading PIR 0
2017-05-26 16:23:26,642 DEBUG Reading Temperature Interior 25.45
2017-05-26 16:23:26,644 DEBUG Reading Gas MQ9 31
2017-05-26 16:23:26,645 DEBUG Reading Gas MQ2 26
2017-05-26 16:23:26,854 DEBUG Reading Sound 4
2017-05-26 16:23:27,063 DEBUG Reading Vibration 0
2017-05-26 16:23:27,772 DEBUG Reading DHT hum 40.8
2017-05-26 16:23:27,773 DEBUG Reading Gas MQ5 12
2017-05-26 16:23:27,775 DEBUG Reading Gas MQ3 38
2017-05-26 16:23:28,484 DEBUG Reading DHT temp 26.5
2017-05-26 16:23:28,892 DEBUG Reading Light Digital 0
2017-05-26 16:23:28,996 DEBUG Reading PIR 0
2017-05-26 16:23:29,204 DEBUG Reading Temperature Interior 25.45
2017-05-26 16:23:29,413 DEBUG Reading Sound 26
2017-05-26 16:23:29,622 DEBUG Reading Vibration 0
2017-05-26 16:23:30,331 DEBUG Reading DHT hum 40.8
2017-05-26 16:23:31,040 DEBUG Reading DHT temp 26.5
2017-05-26 16:23:31,448 DEBUG Reading Light Digital 0
2017-05-26 16:23:31,551 DEBUG Reading PIR 0
2017-05-26 16:23:31,760 DEBUG Reading Temperature Interior 25.45
2017-05-26 16:23:31,761 DEBUG Reading Gas MQ9 31
2017-05-26 16:23:31,763 DEBUG Reading Gas MQ2 26
2017-05-26 16:23:31,972 DEBUG Reading Sound 12
2017-05-26 16:23:32,181 DEBUG Reading Vibration 0
2017-05-26 16:23:32,890 DEBUG Reading DHT hum 40.8
2017-05-26 16:23:32,892 DEBUG Reading Gas MQ5 12
2017-05-26 16:23:32,893 DEBUG Reading Gas MQ3 38
2017-05-26 16:23:33,602 DEBUG Reading DHT temp 26.5
2017-05-26 16:23:34,011 DEBUG Reading Light Digital 0
2017-05-26 16:23:34,114 DEBUG Reading PIR 0
2017-05-26 16:23:34,322 DEBUG Reading Temperature Interior 25.45
2017-05-26 16:23:34,531 DEBUG Reading Sound 3
2017-05-26 16:23:34,739 DEBUG Reading Vibration 0
2017-05-26 16:23:35,448 DEBUG Reading DHT hum 40.8
2017-05-26 16:23:36,158 DEBUG Reading DHT temp 26.5
2017-05-26 16:23:36,566 DEBUG Reading Light Digital 0
2017-05-26 16:23:36,669 DEBUG Reading PIR 0
2017-05-26 16:23:36,877 DEBUG Reading Temperature Interior 25.45
2017-05-26 16:23:36,879 DEBUG Reading Gas MQ9 31
2017-05-26 16:23:36,881 DEBUG Reading Gas MQ2 26
2017-05-26 16:23:37,090 DEBUG Reading Sound 12
2017-05-26 16:23:37,298 DEBUG Reading Vibration 0
2017-05-26 16:23:38,008 DEBUG Reading DHT hum 40.8
2017-05-26 16:23:38,009 DEBUG Reading Gas MQ5 12
2017-05-26 16:23:38,011 DEBUG Reading Gas MQ3 38
2017-05-26 16:23:38,720 DEBUG Reading DHT temp 26.5
2017-05-26 16:23:39,128 DEBUG Reading Light Digital 0
2017-05-26 16:23:39,232 DEBUG Reading PIR 0
2017-05-26 16:23:39,440 DEBUG Reading Temperature Interior 25.45
2017-05-26 16:23:39,649 DEBUG Reading Sound 19
2017-05-26 16:23:39,858 DEBUG Reading Vibration 0
2017-05-26 16:23:40,567 DEBUG Reading DHT hum 40.8
2017-05-26 16:23:41,276 DEBUG Reading DHT temp 26.5
2017-05-26 16:23:41,684 DEBUG Reading Light Digital 0
2017-05-26 16:23:41,787 DEBUG Reading PIR 0
2017-05-26 16:23:41,996 DEBUG Reading Temperature Interior 25.45
2017-05-26 16:23:41,998 DEBUG Reading Gas MQ9 31
2017-05-26 16:23:42,000 DEBUG Reading Gas MQ2 26
2017-05-26 16:23:42,209 DEBUG Reading Sound 18
2017-05-26 16:23:42,417 DEBUG Reading Vibration 0
2017-05-26 16:23:43,126 DEBUG Reading DHT hum 40.8
2017-05-26 16:23:43,128 DEBUG Reading Gas MQ5 12
2017-05-26 16:23:43,130 DEBUG Reading Gas MQ3 38
2017-05-26 16:23:43,839 DEBUG Reading DHT temp 26.5
2017-05-26 16:23:44,247 DEBUG Reading Light Digital 0
2017-05-26 16:23:44,350 DEBUG Reading PIR 0
2017-05-26 16:23:44,559 DEBUG Reading Temperature Interior 25.45
2017-05-26 16:23:44,768 DEBUG Reading Sound 10
2017-05-26 16:23:44,976 DEBUG Reading Vibration 0
2017-05-26 16:23:45,685 DEBUG Reading DHT hum 40.8
2017-05-26 16:23:46,394 DEBUG Reading DHT temp 26.5
2017-05-26 16:23:46,802 DEBUG Reading Light Digital 0
2017-05-26 16:23:46,905 DEBUG Reading PIR 0
2017-05-26 16:23:47,114 DEBUG Reading Temperature Interior 25.45
2017-05-26 16:23:47,116 DEBUG Reading Gas MQ9 31
2017-05-26 16:23:47,117 DEBUG Reading Gas MQ2 26
2017-05-26 16:23:47,326 DEBUG Reading Sound 7
2017-05-26 16:23:47,535 DEBUG Reading Vibration 0
2017-05-26 16:23:48,244 DEBUG Reading DHT hum 40.8
2017-05-26 16:23:48,245 DEBUG Reading Gas MQ5 12
2017-05-26 16:23:48,247 DEBUG Reading Gas MQ3 38
2017-05-26 16:23:48,956 DEBUG Reading DHT temp 26.5
2017-05-26 16:23:49,365 DEBUG Reading Light Digital 0
2017-05-26 16:23:49,468 DEBUG Reading PIR 0
2017-05-26 16:23:49,676 DEBUG Reading Temperature Interior 25.45
2017-05-26 16:23:49,885 DEBUG Reading Sound 10
2017-05-26 16:23:50,093 DEBUG Reading Vibration 0
2017-05-26 16:23:50,803 DEBUG Reading DHT hum 40.8
2017-05-26 16:23:51,512 DEBUG Reading DHT temp 26.5
2017-05-26 16:23:51,920 DEBUG Reading Light Digital 0
2017-05-26 16:23:52,023 DEBUG Reading PIR 0
2017-05-26 16:23:52,231 DEBUG Reading Temperature Interior 25.45
2017-05-26 16:23:52,233 DEBUG Reading Gas MQ9 31
2017-05-26 16:23:52,235 DEBUG Reading Gas MQ2 26
2017-05-26 16:23:52,444 DEBUG Reading Sound 7
2017-05-26 16:23:52,652 DEBUG Reading Vibration 0
2017-05-26 16:23:53,361 DEBUG Reading DHT hum 40.8
2017-05-26 16:23:53,363 DEBUG Reading Gas MQ5 12
2017-05-26 16:23:53,365 DEBUG Reading Gas MQ3 38
2017-05-26 16:23:54,074 DEBUG Reading DHT temp 26.5
2017-05-26 16:23:54,482 DEBUG Reading Light Digital 0
2017-05-26 16:23:54,585 DEBUG Reading PIR 0
2017-05-26 16:23:54,794 DEBUG Reading Temperature Interior 25.45
2017-05-26 16:23:55,003 DEBUG Reading Sound 10
2017-05-26 16:23:55,211 DEBUG Reading Vibration 0
2017-05-26 16:23:55,920 DEBUG Reading DHT hum 40.8
2017-05-26 16:23:56,629 DEBUG Reading DHT temp 26.5
2017-05-26 16:23:57,037 DEBUG Reading Light Digital 0
2017-05-26 16:23:57,141 DEBUG Reading PIR 0
2017-05-26 16:23:57,349 DEBUG Reading Temperature Interior 25.45
2017-05-26 16:23:57,351 DEBUG Reading Gas MQ9 31
2017-05-26 16:23:57,353 DEBUG Reading Gas MQ2 26
2017-05-26 16:23:57,562 DEBUG Reading Sound 7
2017-05-26 16:23:57,770 DEBUG Reading Vibration 0
2017-05-26 16:23:58,479 DEBUG Reading DHT hum 40.8
2017-05-26 16:23:58,481 DEBUG Reading Gas MQ5 12
2017-05-26 16:23:58,483 DEBUG Reading Gas MQ3 38
2017-05-26 16:23:59,192 DEBUG Reading DHT temp 26.5
2017-05-26 16:23:59,600 DEBUG Reading Light Digital 0
2017-05-26 16:23:59,703 DEBUG Reading PIR 0
2017-05-26 16:23:59,912 DEBUG Reading Temperature Interior 25.45
2017-05-26 16:24:00,121 DEBUG Reading Sound 5
2017-05-26 16:24:00,330 DEBUG Reading Vibration 0
2017-05-26 16:24:01,039 DEBUG Reading DHT hum 40.8
2017-05-26 16:24:01,748 DEBUG Reading DHT temp 26.5
2017-05-26 16:24:02,156 DEBUG Reading Light Digital 0
2017-05-26 16:24:02,260 DEBUG Reading PIR 0
2017-05-26 16:24:02,468 DEBUG Reading Temperature Interior 25.45
2017-05-26 16:24:02,470 DEBUG Reading Gas MQ9 31
2017-05-26 16:24:02,472 DEBUG Reading Gas MQ2 26
2017-05-26 16:24:02,680 DEBUG Reading Sound 11
2017-05-26 16:24:02,889 DEBUG Reading Vibration 0
2017-05-26 16:24:03,598 DEBUG Reading DHT hum 40.8
2017-05-26 16:24:03,600 DEBUG Reading Gas MQ5 12
2017-05-26 16:24:03,602 DEBUG Reading Gas MQ3 38
2017-05-26 16:24:04,311 DEBUG Reading DHT temp 26.5
2017-05-26 16:24:04,719 DEBUG Reading Light Digital 0
2017-05-26 16:24:04,822 DEBUG Reading PIR 0
2017-05-26 16:24:05,030 DEBUG Reading Temperature Interior 25.45
2017-05-26 16:24:05,239 DEBUG Reading Sound 11
2017-05-26 16:24:05,447 DEBUG Reading Vibration 0
2017-05-26 16:24:06,157 DEBUG Reading DHT hum 40.8
2017-05-26 16:24:06,866 DEBUG Reading DHT temp 26.5
2017-05-26 16:24:07,274 DEBUG Reading Light Digital 0
2017-05-26 16:24:07,377 DEBUG Reading PIR 0
2017-05-26 16:24:07,585 DEBUG Reading Temperature Interior 25.45
2017-05-26 16:24:07,587 DEBUG Reading Gas MQ9 31
2017-05-26 16:24:07,589 DEBUG Reading Gas MQ2 26
2017-05-26 16:24:07,798 DEBUG Reading Sound 2
2017-05-26 16:24:08,006 DEBUG Reading Vibration 0
2017-05-26 16:24:08,715 DEBUG Reading DHT hum 40.8
2017-05-26 16:24:08,717 DEBUG Reading Gas MQ5 12
2017-05-26 16:24:08,719 DEBUG Reading Gas MQ3 38
2017-05-26 16:24:09,428 DEBUG Reading DHT temp 26.5
2017-05-26 16:24:09,837 DEBUG Reading Light Digital 0
2017-05-26 16:24:09,940 DEBUG Reading PIR 0
2017-05-26 16:24:10,148 DEBUG Reading Temperature Interior 25.45
2017-05-26 16:24:10,358 DEBUG Reading Sound 12
2017-05-26 16:24:10,566 DEBUG Reading Vibration 1
2017-05-26 16:24:11,275 DEBUG Reading DHT hum 40.8
2017-05-26 16:24:11,984 DEBUG Reading DHT temp 26.5
2017-05-26 16:24:12,392 DEBUG Reading Light Digital 0
2017-05-26 16:24:12,495 DEBUG Reading PIR 0
2017-05-26 16:24:12,704 DEBUG Reading Temperature Interior 25.45
2017-05-26 16:24:12,706 DEBUG Reading Gas MQ9 31
2017-05-26 16:24:12,708 DEBUG Reading Gas MQ2 26
2017-05-26 16:24:12,917 DEBUG Reading Sound 4
2017-05-26 16:24:13,125 DEBUG Reading Vibration 0
2017-05-26 16:24:13,834 DEBUG Reading DHT hum 40.8
2017-05-26 16:24:13,836 DEBUG Reading Gas MQ5 12
2017-05-26 16:24:13,838 DEBUG Reading Gas MQ3 38
2017-05-26 16:24:14,547 DEBUG Reading DHT temp 26.5
2017-05-26 16:24:14,955 DEBUG Reading Light Digital 0
2017-05-26 16:24:15,058 DEBUG Reading PIR 0
2017-05-26 16:24:15,266 DEBUG Reading Temperature Interior 25.45
2017-05-26 16:24:15,475 DEBUG Reading Sound 2
2017-05-26 16:24:15,684 DEBUG Reading Vibration 0
2017-05-26 16:24:16,393 DEBUG Reading DHT hum 40.8
2017-05-26 16:24:17,102 DEBUG Reading DHT temp 26.5
2017-05-26 16:24:17,510 DEBUG Reading Light Digital 0
2017-05-26 16:24:17,613 DEBUG Reading PIR 0
2017-05-26 16:24:17,822 DEBUG Reading Temperature Interior 25.45
2017-05-26 16:24:17,823 DEBUG Reading Gas MQ9 31
2017-05-26 16:24:17,825 DEBUG Reading Gas MQ2 26
2017-05-26 16:24:18,034 DEBUG Reading Sound 7
2017-05-26 16:24:18,242 DEBUG Reading Vibration 0
2017-05-26 16:24:18,951 DEBUG Reading DHT hum 40.8
2017-05-26 16:24:18,953 DEBUG Reading Gas MQ5 12
2017-05-26 16:24:18,955 DEBUG Reading Gas MQ3 38
2017-05-26 16:24:19,664 DEBUG Reading DHT temp 26.5
2017-05-26 16:24:20,072 DEBUG Reading Light Digital 0
2017-05-26 16:24:20,175 DEBUG Reading PIR 0
2017-05-26 16:24:20,384 DEBUG Reading Temperature Interior 25.53
2017-05-26 16:24:20,593 DEBUG Reading Sound 7
2017-05-26 16:24:20,801 DEBUG Reading Vibration 0
2017-05-26 16:24:21,510 DEBUG Reading DHT hum 40.8
2017-05-26 16:24:22,219 DEBUG Reading DHT temp 26.5
2017-05-26 16:24:22,627 DEBUG Reading Light Digital 0
2017-05-26 16:24:22,730 DEBUG Reading PIR 0
2017-05-26 16:24:22,939 DEBUG Reading Temperature Interior 25.53
2017-05-26 16:24:22,940 DEBUG Reading Gas MQ9 31
2017-05-26 16:24:22,942 DEBUG Reading Gas MQ2 26
2017-05-26 16:24:23,151 DEBUG Reading Sound 1
2017-05-26 16:24:23,360 DEBUG Reading Vibration 0
2017-05-26 16:24:24,069 DEBUG Reading DHT hum 40.7
2017-05-26 16:24:24,070 DEBUG Reading Gas MQ5 12
2017-05-26 16:24:24,072 DEBUG Reading Gas MQ3 38
2017-05-26 16:24:24,781 DEBUG Reading DHT temp 26.5
2017-05-26 16:24:25,189 DEBUG Reading Light Digital 0
2017-05-26 16:24:25,292 DEBUG Reading PIR 0
2017-05-26 16:24:25,501 DEBUG Reading Temperature Interior 25.45
2017-05-26 16:24:25,710 DEBUG Reading Sound 4
2017-05-26 16:24:25,918 DEBUG Reading Vibration 0
2017-05-26 16:24:26,627 DEBUG Reading DHT hum 40.7
2017-05-26 16:24:27,336 DEBUG Reading DHT temp 26.5
2017-05-26 16:24:27,745 DEBUG Reading Light Digital 0
2017-05-26 16:24:27,848 DEBUG Reading PIR 0
2017-05-26 16:24:28,057 DEBUG Reading Temperature Interior 25.53
2017-05-26 16:24:28,059 DEBUG Reading Gas MQ9 31
2017-05-26 16:24:28,061 DEBUG Reading Gas MQ2 26
2017-05-26 16:24:28,270 DEBUG Reading Sound 29
2017-05-26 16:24:28,478 DEBUG Reading Vibration 0
2017-05-26 16:24:29,187 DEBUG Reading DHT hum 40.7
2017-05-26 16:24:29,189 DEBUG Reading Gas MQ5 12
2017-05-26 16:24:29,191 DEBUG Reading Gas MQ3 38
2017-05-26 16:24:29,900 DEBUG Reading DHT temp 26.5
2017-05-26 16:24:30,308 DEBUG Reading Light Digital 0
2017-05-26 16:24:30,411 DEBUG Reading PIR 0
2017-05-26 16:24:30,620 DEBUG Reading Temperature Interior 25.45
2017-05-26 16:24:30,829 DEBUG Reading Sound 6
2017-05-26 16:24:31,037 DEBUG Reading Vibration 0
2017-05-26 16:24:31,746 DEBUG Reading DHT hum 40.7
2017-05-26 16:24:32,456 DEBUG Reading DHT temp 26.5
2017-05-26 16:24:32,864 DEBUG Reading Light Digital 0
2017-05-26 16:24:32,967 DEBUG Reading PIR 0
2017-05-26 16:24:33,175 DEBUG Reading Temperature Interior 25.45
2017-05-26 16:24:33,177 DEBUG Reading Gas MQ9 31
2017-05-26 16:24:33,178 DEBUG Reading Gas MQ2 26
2017-05-26 16:24:33,388 DEBUG Reading Sound 7
2017-05-26 16:24:33,596 DEBUG Reading Vibration 0
2017-05-26 16:24:34,305 DEBUG Reading DHT hum 40.7
2017-05-26 16:24:34,307 DEBUG Reading Gas MQ5 12
2017-05-26 16:24:34,309 DEBUG Reading Gas MQ3 38
2017-05-26 16:24:35,018 DEBUG Reading DHT temp 26.5
2017-05-26 16:24:35,426 DEBUG Reading Light Digital 0
2017-05-26 16:24:35,529 DEBUG Reading PIR 0
2017-05-26 16:24:35,738 DEBUG Reading Temperature Interior 25.53
2017-05-26 16:24:35,947 DEBUG Reading Sound 3
2017-05-26 16:24:36,155 DEBUG Reading Vibration 0
2017-05-26 16:24:36,864 DEBUG Reading DHT hum 40.7
2017-05-26 16:24:37,573 DEBUG Reading DHT temp 26.5
2017-05-26 16:24:37,981 DEBUG Reading Light Digital 0
2017-05-26 16:24:38,085 DEBUG Reading PIR 0
2017-05-26 16:24:38,293 DEBUG Reading Temperature Interior 25.53
2017-05-26 16:24:38,295 DEBUG Reading Gas MQ9 30
2017-05-26 16:24:38,297 DEBUG Reading Gas MQ2 26
2017-05-26 16:24:38,506 DEBUG Reading Sound 6
2017-05-26 16:24:38,714 DEBUG Reading Vibration 0
2017-05-26 16:24:39,423 DEBUG Reading DHT hum 40.7
2017-05-26 16:24:39,425 DEBUG Reading Gas MQ5 12
2017-05-26 16:24:39,427 DEBUG Reading Gas MQ3 38
2017-05-26 16:24:40,136 DEBUG Reading DHT temp 26.5
2017-05-26 16:24:40,544 DEBUG Reading Light Digital 0
2017-05-26 16:24:40,647 DEBUG Reading PIR 0
2017-05-26 16:24:40,855 DEBUG Reading Temperature Interior 25.45
2017-05-26 16:24:41,064 DEBUG Reading Sound 5
2017-05-26 16:24:41,272 DEBUG Reading Vibration 0
2017-05-26 16:24:41,982 DEBUG Reading DHT hum 40.8
2017-05-26 16:24:42,691 DEBUG Reading DHT temp 26.5
2017-05-26 16:24:43,099 DEBUG Reading Light Digital 0
2017-05-26 16:24:43,202 DEBUG Reading PIR 0
2017-05-26 16:24:43,410 DEBUG Reading Temperature Interior 25.53
2017-05-26 16:24:43,412 DEBUG Reading Gas MQ9 31
2017-05-26 16:24:43,414 DEBUG Reading Gas MQ2 26
2017-05-26 16:24:43,623 DEBUG Reading Sound 2
2017-05-26 16:24:43,831 DEBUG Reading Vibration 0
2017-05-26 16:24:44,540 DEBUG Reading DHT hum 40.7
2017-05-26 16:24:44,542 DEBUG Reading Gas MQ5 12
2017-05-26 16:24:44,544 DEBUG Reading Gas MQ3 38
2017-05-26 16:24:45,253 DEBUG Reading DHT temp 26.6
2017-05-26 16:24:45,661 DEBUG Reading Light Digital 0
2017-05-26 16:24:45,764 DEBUG Reading PIR 0
2017-05-26 16:24:45,972 DEBUG Reading Temperature Interior 25.53
2017-05-26 16:24:46,182 DEBUG Reading Sound 1
2017-05-26 16:24:46,390 DEBUG Reading Vibration 0
2017-05-26 16:24:47,099 DEBUG Reading DHT hum 40.8
2017-05-26 16:24:47,808 DEBUG Reading DHT temp 26.5
2017-05-26 16:24:48,217 DEBUG Reading Light Digital 0
2017-05-26 16:24:48,320 DEBUG Reading PIR 0
2017-05-26 16:24:48,528 DEBUG Reading Temperature Interior 25.53
2017-05-26 16:24:48,530 DEBUG Reading Gas MQ9 31
2017-05-26 16:24:48,532 DEBUG Reading Gas MQ2 26
2017-05-26 16:24:48,741 DEBUG Reading Sound 3
2017-05-26 16:24:48,949 DEBUG Reading Vibration 0
2017-05-26 16:24:49,658 DEBUG Reading DHT hum 40.7
2017-05-26 16:24:49,660 DEBUG Reading Gas MQ5 12
2017-05-26 16:24:49,661 DEBUG Reading Gas MQ3 38
2017-05-26 16:24:50,370 DEBUG Reading DHT temp 26.6
2017-05-26 16:24:50,779 DEBUG Reading Light Digital 0
2017-05-26 16:24:50,882 DEBUG Reading PIR 0
2017-05-26 16:24:51,090 DEBUG Reading Temperature Interior 25.53
2017-05-26 16:24:51,299 DEBUG Reading Sound 8
2017-05-26 16:24:51,508 DEBUG Reading Vibration 0
2017-05-26 16:24:52,217 DEBUG Reading DHT hum 40.7
2017-05-26 16:24:52,926 DEBUG Reading DHT temp 26.6
2017-05-26 16:24:53,334 DEBUG Reading Light Digital 0
2017-05-26 16:24:53,438 DEBUG Reading PIR 0
2017-05-26 16:24:53,646 DEBUG Reading Temperature Interior 25.53
2017-05-26 16:24:53,648 DEBUG Reading Gas MQ9 31
2017-05-26 16:24:53,650 DEBUG Reading Gas MQ2 26
2017-05-26 16:24:53,859 DEBUG Reading Sound 3
2017-05-26 16:24:54,067 DEBUG Reading Vibration 0
2017-05-26 16:24:54,776 DEBUG Reading DHT hum 40.7
2017-05-26 16:24:54,779 DEBUG Reading Gas MQ5 12
2017-05-26 16:24:54,781 DEBUG Reading Gas MQ3 38
2017-05-26 16:24:55,490 DEBUG Reading DHT temp 26.5
2017-05-26 16:24:55,898 DEBUG Reading Light Digital 0
2017-05-26 16:24:56,001 DEBUG Reading PIR 0
2017-05-26 16:24:56,209 DEBUG Reading Temperature Interior 25.53
2017-05-26 16:24:56,419 DEBUG Reading Sound 15
2017-05-26 16:24:56,627 DEBUG Reading Vibration 0
2017-05-26 16:24:57,337 DEBUG Reading DHT hum 40.7
2017-05-26 16:24:58,046 DEBUG Reading DHT temp 26.6
2017-05-26 16:24:58,454 DEBUG Reading Light Digital 0
2017-05-26 16:24:58,557 DEBUG Reading PIR 0
2017-05-26 16:24:58,766 DEBUG Reading Temperature Interior 25.53
2017-05-26 16:24:58,767 DEBUG Reading Gas MQ9 31
2017-05-26 16:24:58,769 DEBUG Reading Gas MQ2 26
2017-05-26 16:24:58,978 DEBUG Reading Sound 16
2017-05-26 16:24:59,187 DEBUG Reading Vibration 0
2017-05-26 16:24:59,896 DEBUG Reading DHT hum 40.7
2017-05-26 16:24:59,898 DEBUG Reading Gas MQ5 12
2017-05-26 16:24:59,900 DEBUG Reading Gas MQ3 38
2017-05-26 16:25:00,609 DEBUG Reading DHT temp 26.6
2017-05-26 16:25:01,017 DEBUG Reading Light Digital 0
2017-05-26 16:25:01,121 DEBUG Reading PIR 0
2017-05-26 16:25:01,329 DEBUG Reading Temperature Interior 25.53
2017-05-26 16:25:01,538 DEBUG Reading Sound 3
2017-05-26 16:25:01,747 DEBUG Reading Vibration 0
2017-05-26 16:25:02,456 DEBUG Reading DHT hum 40.7
2017-05-26 16:25:03,165 DEBUG Reading DHT temp 26.5
2017-05-26 16:25:03,573 DEBUG Reading Light Digital 0
2017-05-26 16:25:03,676 DEBUG Reading PIR 0
2017-05-26 16:25:03,885 DEBUG Reading Temperature Interior 25.53
2017-05-26 16:25:03,887 DEBUG Reading Gas MQ9 31
2017-05-26 16:25:03,888 DEBUG Reading Gas MQ2 26
2017-05-26 16:25:04,097 DEBUG Reading Sound 4
2017-05-26 16:25:04,305 DEBUG Reading Vibration 0
2017-05-26 16:25:05,014 DEBUG Reading DHT hum 40.7
2017-05-26 16:25:05,016 DEBUG Reading Gas MQ5 12
2017-05-26 16:25:05,018 DEBUG Reading Gas MQ3 38
2017-05-26 16:25:05,727 DEBUG Reading DHT temp 26.5
2017-05-26 16:25:06,135 DEBUG Reading Light Digital 0
2017-05-26 16:25:06,238 DEBUG Reading PIR 0
2017-05-26 16:25:06,447 DEBUG Reading Temperature Interior 25.53
2017-05-26 16:25:06,656 DEBUG Reading Sound 0
2017-05-26 16:25:06,864 DEBUG Reading Vibration 0
2017-05-26 16:25:07,573 DEBUG Reading DHT hum 40.7
2017-05-26 16:25:08,283 DEBUG Reading DHT temp 26.6
2017-05-26 16:25:08,691 DEBUG Reading Light Digital 0
2017-05-26 16:25:08,794 DEBUG Reading PIR 0
2017-05-26 16:25:09,002 DEBUG Reading Temperature Interior 25.53
2017-05-26 16:25:09,004 DEBUG Reading Gas MQ9 31
2017-05-26 16:25:09,006 DEBUG Reading Gas MQ2 26
2017-05-26 16:25:09,215 DEBUG Reading Sound 14
2017-05-26 16:25:09,423 DEBUG Reading Vibration 0
2017-05-26 16:25:10,133 DEBUG Reading DHT hum 40.7
2017-05-26 16:25:10,134 DEBUG Reading Gas MQ5 12
2017-05-26 16:25:10,136 DEBUG Reading Gas MQ3 38
2017-05-26 16:25:10,847 DEBUG Reading DHT temp 26.6
2017-05-26 16:25:11,255 DEBUG Reading Light Digital 0
2017-05-26 16:25:11,358 DEBUG Reading PIR 0
2017-05-26 16:25:11,567 DEBUG Reading Temperature Interior 25.53
2017-05-26 16:25:11,776 DEBUG Reading Sound 4
2017-05-26 16:25:11,985 DEBUG Reading Vibration 0
2017-05-26 16:25:12,694 DEBUG Reading DHT hum 40.7
2017-05-26 16:25:13,403 DEBUG Reading DHT temp 26.6
2017-05-26 16:25:13,811 DEBUG Reading Light Digital 0
2017-05-26 16:25:13,914 DEBUG Reading PIR 0
2017-05-26 16:25:14,122 DEBUG Reading Temperature Interior 25.53
2017-05-26 16:25:14,124 DEBUG Reading Gas MQ9 30
2017-05-26 16:25:14,126 DEBUG Reading Gas MQ2 26
2017-05-26 16:25:14,336 DEBUG Reading Sound 8
2017-05-26 16:25:14,544 DEBUG Reading Vibration 0
2017-05-26 16:25:15,253 DEBUG Reading DHT hum 40.7
2017-05-26 16:25:15,255 DEBUG Reading Gas MQ5 12
2017-05-26 16:25:15,256 DEBUG Reading Gas MQ3 38
2017-05-26 16:25:15,965 DEBUG Reading DHT temp 26.6
2017-05-26 16:25:16,373 DEBUG Reading Light Digital 0
2017-05-26 16:25:16,477 DEBUG Reading PIR 0
2017-05-26 16:25:16,685 DEBUG Reading Temperature Interior 25.53
2017-05-26 16:25:16,894 DEBUG Reading Sound 2
2017-05-26 16:25:17,103 DEBUG Reading Vibration 0
2017-05-26 16:25:17,812 DEBUG Reading DHT hum 40.7
2017-05-26 16:25:18,521 DEBUG Reading DHT temp 26.5
2017-05-26 16:25:18,929 DEBUG Reading Light Digital 0
2017-05-26 16:25:19,050 DEBUG Reading PIR 0
2017-05-26 16:25:19,258 DEBUG Reading Temperature Interior 25.53
2017-05-26 16:25:19,260 DEBUG Reading Gas MQ9 31
2017-05-26 16:25:19,262 DEBUG Reading Gas MQ2 26
2017-05-26 16:25:19,471 DEBUG Reading Sound 6
2017-05-26 16:25:19,679 DEBUG Reading Vibration 0
2017-05-26 16:25:20,389 DEBUG Reading DHT hum 40.7
2017-05-26 16:25:20,390 DEBUG Reading Gas MQ5 12
2017-05-26 16:25:20,392 DEBUG Reading Gas MQ3 38
2017-05-26 16:25:21,101 DEBUG Reading DHT temp 26.5
2017-05-26 16:25:21,509 DEBUG Reading Light Digital 0
2017-05-26 16:25:21,612 DEBUG Reading PIR 0
2017-05-26 16:25:21,821 DEBUG Reading Temperature Interior 25.53
2017-05-26 16:25:22,030 DEBUG Reading Sound 3
2017-05-26 16:25:22,239 DEBUG Reading Vibration 0
2017-05-26 16:25:22,948 DEBUG Reading DHT hum 40.7
2017-05-26 16:25:23,657 DEBUG Reading DHT temp 26.6
2017-05-26 16:25:24,065 DEBUG Reading Light Digital 0
2017-05-26 16:25:24,182 DEBUG Reading PIR 0
2017-05-26 16:25:24,390 DEBUG Reading Temperature Interior 25.53
2017-05-26 16:25:24,392 DEBUG Reading Gas MQ9 31
2017-05-26 16:25:24,394 DEBUG Reading Gas MQ2 26
2017-05-26 16:25:24,603 DEBUG Reading Sound 11
2017-05-26 16:25:24,811 DEBUG Reading Vibration 0
2017-05-26 16:25:25,520 DEBUG Reading DHT hum 40.7
2017-05-26 16:25:25,522 DEBUG Reading Gas MQ5 12
2017-05-26 16:25:25,524 DEBUG Reading Gas MQ3 38
2017-05-26 16:25:26,233 DEBUG Reading DHT temp 26.5
2017-05-26 16:25:26,641 DEBUG Reading Light Digital 0
2017-05-26 16:25:26,744 DEBUG Reading PIR 0
2017-05-26 16:25:26,952 DEBUG Reading Temperature Interior 25.53
2017-05-26 16:25:27,161 DEBUG Reading Sound 4
2017-05-26 16:25:27,370 DEBUG Reading Vibration 0
2017-05-26 16:25:28,079 DEBUG Reading DHT hum 40.7
2017-05-26 16:25:28,788 DEBUG Reading DHT temp 26.5
2017-05-26 16:25:29,196 DEBUG Reading Light Digital 0
2017-05-26 16:25:29,303 DEBUG Reading PIR 0
2017-05-26 16:25:29,511 DEBUG Reading Temperature Interior 25.53
2017-05-26 16:25:29,513 DEBUG Reading Gas MQ9 30
2017-05-26 16:25:29,514 DEBUG Reading Gas MQ2 26
2017-05-26 16:25:29,723 DEBUG Reading Sound 12
2017-05-26 16:25:29,931 DEBUG Reading Vibration 0
2017-05-26 16:25:30,640 DEBUG Reading DHT hum 40.7
2017-05-26 16:25:30,642 DEBUG Reading Gas MQ5 12
2017-05-26 16:25:30,644 DEBUG Reading Gas MQ3 38
2017-05-26 16:25:31,353 DEBUG Reading DHT temp 26.5
2017-05-26 16:25:31,761 DEBUG Reading Light Digital 0
2017-05-26 16:25:31,864 DEBUG Reading PIR 0
2017-05-26 16:25:32,072 DEBUG Reading Temperature Interior 25.53
2017-05-26 16:25:32,281 DEBUG Reading Sound 11
2017-05-26 16:25:32,490 DEBUG Reading Vibration 0
2017-05-26 16:25:33,199 DEBUG Reading DHT hum 40.7
2017-05-26 16:25:33,908 DEBUG Reading DHT temp 26.5
2017-05-26 16:25:34,316 DEBUG Reading Light Digital 0
2017-05-26 16:25:34,425 DEBUG Reading PIR 0
2017-05-26 16:25:34,633 DEBUG Reading Temperature Interior 25.53
2017-05-26 16:25:34,635 DEBUG Reading Gas MQ9 31
2017-05-26 16:25:34,637 DEBUG Reading Gas MQ2 26
2017-05-26 16:25:34,845 DEBUG Reading Sound 5
2017-05-26 16:25:35,054 DEBUG Reading Vibration 0
2017-05-26 16:25:35,763 DEBUG Reading DHT hum 40.7
2017-05-26 16:25:35,765 DEBUG Reading Gas MQ5 12
2017-05-26 16:25:35,767 DEBUG Reading Gas MQ3 38
2017-05-26 16:25:36,476 DEBUG Reading DHT temp 26.5
2017-05-26 16:25:36,884 DEBUG Reading Light Digital 0
2017-05-26 16:25:36,987 DEBUG Reading PIR 0
2017-05-26 16:25:37,196 DEBUG Reading Temperature Interior 25.53
2017-05-26 16:25:37,405 DEBUG Reading Sound 6
2017-05-26 16:25:37,613 DEBUG Reading Vibration 0
2017-05-26 16:25:38,320 DEBUG Reading DHT hum 40.7
2017-05-26 16:25:39,026 DEBUG Reading DHT temp 26.5
2017-05-26 16:25:39,433 DEBUG Reading Light Digital 0
2017-05-26 16:25:39,535 DEBUG Reading PIR 0
2017-05-26 16:25:39,741 DEBUG Reading Temperature Interior 25.53
2017-05-26 16:25:39,742 DEBUG Reading Gas MQ9 31
2017-05-26 16:25:39,743 DEBUG Reading Gas MQ2 26
2017-05-26 16:25:39,948 DEBUG Reading Sound 20
2017-05-26 16:25:40,154 DEBUG Reading Vibration 0
2017-05-26 16:25:40,860 DEBUG Reading DHT hum 40.7
2017-05-26 16:25:40,861 DEBUG Reading Gas MQ5 12
2017-05-26 16:25:40,862 DEBUG Reading Gas MQ3 38
2017-05-26 16:25:41,568 DEBUG Reading DHT temp 26.5
2017-05-26 16:25:41,974 DEBUG Reading Light Digital 0
2017-05-26 16:25:42,076 DEBUG Reading PIR 0
2017-05-26 16:25:42,281 DEBUG Reading Temperature Interior 25.53
2017-05-26 16:25:42,487 DEBUG Reading Sound 12
2017-05-26 16:25:42,692 DEBUG Reading Vibration 0
2017-05-26 16:25:43,401 DEBUG Reading DHT hum 40.7
2017-05-26 16:25:44,109 DEBUG Reading DHT temp 26.5
2017-05-26 16:25:44,518 DEBUG Reading Light Digital 0
2017-05-26 16:25:44,621 DEBUG Reading PIR 0
2017-05-26 16:25:44,833 DEBUG Reading Temperature Interior 25.53
2017-05-26 16:25:44,835 DEBUG Reading Gas MQ9 31
2017-05-26 16:25:44,837 DEBUG Reading Gas MQ2 26
2017-05-26 16:25:45,046 DEBUG Reading Sound 11
2017-05-26 16:25:45,254 DEBUG Reading Vibration 0
2017-05-26 16:25:45,963 DEBUG Reading DHT hum 40.7
2017-05-26 16:25:45,965 DEBUG Reading Gas MQ5 12
2017-05-26 16:25:45,967 DEBUG Reading Gas MQ3 38
2017-05-26 16:25:46,676 DEBUG Reading DHT temp 26.5
2017-05-26 16:25:47,084 DEBUG Reading Light Digital 0
2017-05-26 16:25:47,187 DEBUG Reading PIR 0
2017-05-26 16:25:47,396 DEBUG Reading Temperature Interior 25.53
2017-05-26 16:25:47,605 DEBUG Reading Sound 7
2017-05-26 16:25:47,813 DEBUG Reading Vibration 0
2017-05-26 16:25:48,522 DEBUG Reading DHT hum 40.7
2017-05-26 16:25:49,231 DEBUG Reading DHT temp 26.5
2017-05-26 16:25:49,640 DEBUG Reading Light Digital 0
2017-05-26 16:25:49,746 DEBUG Reading PIR 0
2017-05-26 16:25:49,955 DEBUG Reading Temperature Interior 25.53
2017-05-26 16:25:49,956 DEBUG Reading Gas MQ9 31
2017-05-26 16:25:49,958 DEBUG Reading Gas MQ2 26
2017-05-26 16:25:50,167 DEBUG Reading Sound 4
2017-05-26 16:25:50,375 DEBUG Reading Vibration 0
2017-05-26 16:25:51,084 DEBUG Reading DHT hum 40.7
2017-05-26 16:25:51,086 DEBUG Reading Gas MQ5 12
2017-05-26 16:25:51,088 DEBUG Reading Gas MQ3 38
2017-05-26 16:25:51,797 DEBUG Reading DHT temp 26.5
2017-05-26 16:25:52,205 DEBUG Reading Light Digital 0
2017-05-26 16:25:52,308 DEBUG Reading PIR 0
2017-05-26 16:25:52,517 DEBUG Reading Temperature Interior 25.53
2017-05-26 16:25:52,726 DEBUG Reading Sound 8
2017-05-26 16:25:52,934 DEBUG Reading Vibration 0
2017-05-26 16:25:53,643 DEBUG Reading DHT hum 40.7
2017-05-26 16:25:54,352 DEBUG Reading DHT temp 26.5
2017-05-26 16:25:54,760 DEBUG Reading Light Digital 0
2017-05-26 16:25:54,868 DEBUG Reading PIR 0
2017-05-26 16:25:55,077 DEBUG Reading Temperature Interior 25.53
2017-05-26 16:25:55,078 DEBUG Reading Gas MQ9 31
2017-05-26 16:25:55,080 DEBUG Reading Gas MQ2 26
2017-05-26 16:25:55,289 DEBUG Reading Sound 13
2017-05-26 16:25:55,498 DEBUG Reading Vibration 0
2017-05-26 16:25:56,207 DEBUG Reading DHT hum 40.7
2017-05-26 16:25:56,209 DEBUG Reading Gas MQ5 12
2017-05-26 16:25:56,210 DEBUG Reading Gas MQ3 38
2017-05-26 16:25:56,920 DEBUG Reading DHT temp 26.5
2017-05-26 16:25:57,328 DEBUG Reading Light Digital 0
2017-05-26 16:25:57,431 DEBUG Reading PIR 0
2017-05-26 16:25:57,639 DEBUG Reading Temperature Interior 25.61
2017-05-26 16:25:57,848 DEBUG Reading Sound 6
2017-05-26 16:25:58,057 DEBUG Reading Vibration 0
2017-05-26 16:25:58,766 DEBUG Reading DHT hum 40.7
2017-05-26 16:25:59,475 DEBUG Reading DHT temp 26.5
2017-05-26 16:25:59,883 DEBUG Reading Light Digital 0
2017-05-26 16:25:59,989 DEBUG Reading PIR 0
2017-05-26 16:26:00,197 DEBUG Reading Temperature Interior 25.53
2017-05-26 16:26:00,199 DEBUG Reading Gas MQ9 31
2017-05-26 16:26:00,200 DEBUG Reading Gas MQ2 26
2017-05-26 16:26:00,409 DEBUG Reading Sound 3
2017-05-26 16:26:00,617 DEBUG Reading Vibration 0
2017-05-26 16:26:01,326 DEBUG Reading DHT hum 40.7
2017-05-26 16:26:01,328 DEBUG Reading Gas MQ5 12
2017-05-26 16:26:01,330 DEBUG Reading Gas MQ3 38
2017-05-26 16:26:02,039 DEBUG Reading DHT temp 26.5
2017-05-26 16:26:02,447 DEBUG Reading Light Digital 0
2017-05-26 16:26:02,551 DEBUG Reading PIR 0
2017-05-26 16:26:02,759 DEBUG Reading Temperature Interior 25.53
2017-05-26 16:26:02,969 DEBUG Reading Sound 4
2017-05-26 16:26:03,177 DEBUG Reading Vibration 0
2017-05-26 16:26:03,886 DEBUG Reading DHT hum 40.7
2017-05-26 16:26:04,596 DEBUG Reading DHT temp 26.5
2017-05-26 16:26:05,004 DEBUG Reading Light Digital 0
2017-05-26 16:26:05,110 DEBUG Reading PIR 0
2017-05-26 16:26:05,318 DEBUG Reading Temperature Interior 25.53
2017-05-26 16:26:05,320 DEBUG Reading Gas MQ9 31
2017-05-26 16:26:05,322 DEBUG Reading Gas MQ2 26
2017-05-26 16:26:05,531 DEBUG Reading Sound 7
2017-05-26 16:26:05,739 DEBUG Reading Vibration 0
2017-05-26 16:26:06,449 DEBUG Reading DHT hum 40.7
2017-05-26 16:26:06,450 DEBUG Reading Gas MQ5 12
2017-05-26 16:26:06,452 DEBUG Reading Gas MQ3 38
2017-05-26 16:26:07,161 DEBUG Reading DHT temp 26.5
2017-05-26 16:26:07,569 DEBUG Reading Light Digital 0
2017-05-26 16:26:07,672 DEBUG Reading PIR 0
2017-05-26 16:26:07,881 DEBUG Reading Temperature Interior 25.53
2017-05-26 16:26:08,090 DEBUG Reading Sound 3
2017-05-26 16:26:08,299 DEBUG Reading Vibration 0
2017-05-26 16:26:09,008 DEBUG Reading DHT hum 40.7
2017-05-26 16:26:09,718 DEBUG Reading DHT temp 26.5
2017-05-26 16:26:10,126 DEBUG Reading Light Digital 0
2017-05-26 16:26:10,235 DEBUG Reading PIR 0
2017-05-26 16:26:10,444 DEBUG Reading Temperature Interior 25.61
2017-05-26 16:26:10,446 DEBUG Reading Gas MQ9 30
2017-05-26 16:26:10,447 DEBUG Reading Gas MQ2 26
2017-05-26 16:26:10,657 DEBUG Reading Sound 12
2017-05-26 16:26:10,865 DEBUG Reading Vibration 1
2017-05-26 16:26:11,575 DEBUG Reading DHT hum 40.7
2017-05-26 16:26:11,577 DEBUG Reading Gas MQ5 12
2017-05-26 16:26:11,579 DEBUG Reading Gas MQ3 38
2017-05-26 16:26:12,288 DEBUG Reading DHT temp 26.5
2017-05-26 16:26:12,697 DEBUG Reading Light Digital 0
2017-05-26 16:26:12,800 DEBUG Reading PIR 0
2017-05-26 16:26:13,009 DEBUG Reading Temperature Interior 25.53
2017-05-26 16:26:13,218 DEBUG Reading Sound 8
2017-05-26 16:26:13,427 DEBUG Reading Vibration 0
2017-05-26 16:26:14,137 DEBUG Reading DHT hum 40.7
2017-05-26 16:26:14,846 DEBUG Reading DHT temp 26.5
2017-05-26 16:26:15,254 DEBUG Reading Light Digital 0
2017-05-26 16:26:15,358 DEBUG Reading PIR 0
2017-05-26 16:26:15,567 DEBUG Reading Temperature Interior 25.53
2017-05-26 16:26:15,569 DEBUG Reading Gas MQ9 31
2017-05-26 16:26:15,571 DEBUG Reading Gas MQ2 26
2017-05-26 16:26:15,780 DEBUG Reading Sound 9
2017-05-26 16:26:15,989 DEBUG Reading Vibration 0
2017-05-26 16:26:16,699 DEBUG Reading DHT hum 40.8
2017-05-26 16:26:16,701 DEBUG Reading Gas MQ5 12
2017-05-26 16:26:16,703 DEBUG Reading Gas MQ3 38
2017-05-26 16:26:17,412 DEBUG Reading DHT temp 26.5
2017-05-26 16:26:17,820 DEBUG Reading Light Digital 0
2017-05-26 16:26:17,924 DEBUG Reading PIR 0
2017-05-26 16:26:18,132 DEBUG Reading Temperature Interior 25.61
2017-05-26 16:26:18,342 DEBUG Reading Sound 4
2017-05-26 16:26:18,550 DEBUG Reading Vibration 0
2017-05-26 16:26:19,260 DEBUG Reading DHT hum 40.8
2017-05-26 16:26:19,967 DEBUG Reading DHT temp 26.5
2017-05-26 16:26:20,374 DEBUG Reading Light Digital 0
2017-05-26 16:26:20,476 DEBUG Reading PIR 0
2017-05-26 16:26:20,681 DEBUG Reading Temperature Interior 25.53
2017-05-26 16:26:20,683 DEBUG Reading Gas MQ9 31
2017-05-26 16:26:20,684 DEBUG Reading Gas MQ2 26
2017-05-26 16:26:20,889 DEBUG Reading Sound 9
2017-05-26 16:26:21,095 DEBUG Reading Vibration 0
2017-05-26 16:26:21,801 DEBUG Reading DHT hum 40.7
2017-05-26 16:26:21,802 DEBUG Reading Gas MQ5 12
2017-05-26 16:26:21,803 DEBUG Reading Gas MQ3 38
2017-05-26 16:26:22,509 DEBUG Reading DHT temp 26.5
2017-05-26 16:26:22,917 DEBUG Reading Light Digital 0
2017-05-26 16:26:23,021 DEBUG Reading PIR 0
2017-05-26 16:26:23,230 DEBUG Reading Temperature Interior 25.53
2017-05-26 16:26:23,439 DEBUG Reading Sound 8
2017-05-26 16:26:23,647 DEBUG Reading Vibration 0
2017-05-26 16:26:24,356 DEBUG Reading DHT hum 40.7
2017-05-26 16:26:25,066 DEBUG Reading DHT temp 26.5
2017-05-26 16:26:25,474 DEBUG Reading Light Digital 0
2017-05-26 16:26:25,580 DEBUG Reading PIR 0
2017-05-26 16:26:25,789 DEBUG Reading Temperature Interior 25.53
2017-05-26 16:26:25,790 DEBUG Reading Gas MQ9 31
2017-05-26 16:26:25,792 DEBUG Reading Gas MQ2 26
2017-05-26 16:26:26,001 DEBUG Reading Sound 229
2017-05-26 16:26:26,210 DEBUG Reading Vibration 0
2017-05-26 16:26:26,921 DEBUG Reading DHT hum 40.7
2017-05-26 16:26:26,922 DEBUG Reading Gas MQ5 12
2017-05-26 16:26:26,924 DEBUG Reading Gas MQ3 38
2017-05-26 16:26:27,634 DEBUG Reading DHT temp 26.5
2017-05-26 16:26:28,042 DEBUG Reading Light Digital 0
2017-05-26 16:26:28,145 DEBUG Reading PIR 0
2017-05-26 16:26:28,353 DEBUG Reading Temperature Interior 25.53
2017-05-26 16:26:28,563 DEBUG Reading Sound 5
2017-05-26 16:26:28,771 DEBUG Reading Vibration 0
2017-05-26 16:26:29,480 DEBUG Reading DHT hum 40.7
2017-05-26 16:26:30,189 DEBUG Reading DHT temp 26.5
2017-05-26 16:26:30,597 DEBUG Reading Light Digital 0
2017-05-26 16:26:30,704 DEBUG Reading PIR 0
2017-05-26 16:26:30,912 DEBUG Reading Temperature Interior 25.53
2017-05-26 16:26:30,914 DEBUG Reading Gas MQ9 31
2017-05-26 16:26:30,916 DEBUG Reading Gas MQ2 26
2017-05-26 16:26:31,125 DEBUG Reading Sound 8
2017-05-26 16:26:31,333 DEBUG Reading Vibration 0
2017-05-26 16:26:32,042 DEBUG Reading DHT hum 40.7
2017-05-26 16:26:32,044 DEBUG Reading Gas MQ5 12
2017-05-26 16:26:32,045 DEBUG Reading Gas MQ3 38
2017-05-26 16:26:32,755 DEBUG Reading DHT temp 26.5
2017-05-26 16:26:33,163 DEBUG Reading Light Digital 0
